This is pTeX, Version 3.14159-p3.1.2 (euc) (Web2C 7.4.5) (format=platex-euc 2004.4.6)  13 MAR 2005 17:09
**main.tex
(./main.tex
pLaTeX2e <2001/09/04>+0 (based on LaTeX2e <2001/06/01> patch level 0)
(/usr/share/texmf/tex/latex/base/article.cls
Document Class: article 2001/04/21 v1.4e Standard LaTeX document class
(/usr/share/texmf/tex/latex/base/size10.clo
File: size10.clo 2001/04/21 v1.4e Standard LaTeX file (size option)
)
\c@part=\count81
\c@section=\count82
\c@subsection=\count83
\c@subsubsection=\count84
\c@paragraph=\count85
\c@subparagraph=\count86
\c@figure=\count87
\c@table=\count88
\abovecaptionskip=\skip41
\belowcaptionskip=\skip42
\bibindent=\dimen118
) (./latex8.sty
\cprogbaselineskip=\dimen119
\cprogindent=\dimen120
\beforecprogskip=\skip43
\aftercprogskip=\skip44
)
(/usr/share/texmf/tex/latex/psnfss/times.sty
Package: times 2002/09/08 PSNFSS-v9.0a (SPQR) 
)
(/usr/share/texmf/tex/latex/graphics/graphicx.sty
Package: graphicx 1999/02/16 v1.0f Enhanced LaTeX Graphics (DPC,SPQR)

(/usr/share/texmf/tex/latex/graphics/keyval.sty
Package: keyval 1999/03/16 v1.13 key=value parser (DPC)
\KV@toks@=\toks15
)
(/usr/share/texmf/tex/latex/graphics/graphics.sty
Package: graphics 2001/07/07 v1.0n Standard LaTeX Graphics (DPC,SPQR)

(/usr/share/texmf/tex/latex/graphics/trig.sty
Package: trig 1999/03/16 v1.09 sin cos tan (DPC)
)
(/usr/share/texmf/tex/latex/config/graphics.cfg
File: graphics.cfg 2001/08/31 v1.1 graphics configuration of teTeX/TeXLive
)
Package graphics Info: Driver file: dvips.def on input line 80.

(/usr/share/texmf/tex/latex/graphics/dvips.def
File: dvips.def 1999/02/16 v3.0i Driver-dependant file (DPC,SPQR)
))
\Gin@req@height=\dimen121
\Gin@req@width=\dimen122
)

LaTeX Warning: Unused global option(s):
    [times].

(./main.aux)
\openout1 = `main.aux'.

LaTeX Font Info:    Checking defaults for OML/cmm/m/it on input line 18.
LaTeX Font Info:    ... okay on input line 18.
LaTeX Font Info:    Checking defaults for T1/cmr/m/n on input line 18.
LaTeX Font Info:    ... okay on input line 18.
LaTeX Font Info:    Checking defaults for OT1/cmr/m/n on input line 18.
LaTeX Font Info:    ... okay on input line 18.
LaTeX Font Info:    Checking defaults for OMS/cmsy/m/n on input line 18.
LaTeX Font Info:    ... okay on input line 18.
LaTeX Font Info:    Checking defaults for OMX/cmex/m/n on input line 18.
LaTeX Font Info:    ... okay on input line 18.
LaTeX Font Info:    Checking defaults for U/cmr/m/n on input line 18.
LaTeX Font Info:    ... okay on input line 18.
LaTeX Font Info:    Checking defaults for JY1/mc/m/n on input line 18.
LaTeX Font Info:    ... okay on input line 18.
LaTeX Font Info:    Checking defaults for JT1/mc/m/n on input line 18.
LaTeX Font Info:    ... okay on input line 18.
 (I search kanjifont definition file: . . )
(I search font definition file: . . . . . . . )
LaTeX Font Info:    Try loading font information for OT1+ptm on input line 18.

(/usr/share/texmf/tex/latex/psnfss/ot1ptm.fd
File: ot1ptm.fd 2001/06/04 font definitions for OT1/ptm.
)
LaTeX Font Info:    External font `cmex10' loaded for size
(Font)              <12> on input line 29.
LaTeX Font Info:    External font `cmex10' loaded for size
(Font)              <8> on input line 29.
LaTeX Font Info:    External font `cmex10' loaded for size
(Font)              <6> on input line 29.
LaTeX Font Info:    Font shape `JY1/mc/bx/n' in size <14.4> not available
(Font)              Font shape `JY1/gt/m/n' tried instead on input line 32.
LaTeX Font Info:    Font shape `JT1/mc/bx/n' in size <14.4> not available
(Font)              Font shape `JT1/gt/m/n' tried instead on input line 32.
LaTeX Font Info:    Font shape `OT1/ptm/bx/n' in size <14.4> not available
(Font)              Font shape `OT1/ptm/b/n' tried instead on input line 32.

Underfull \vbox (badness 1394) has occurred while \output is active []

File: ./mat/CPU-BOARD.eps Graphic file (type eps)

<./mat/CPU-BOARD.eps>
LaTeX Font Info:    External font `cmex10' loaded for size
(Font)              <7> on input line 99.
LaTeX Font Info:    External font `cmex10' loaded for size
(Font)              <5> on input line 99.
 [1


]
File: ./mat/tradflow.eps Graphic file (type eps)
 <./mat/tradflow.eps> [2]
Underfull \vbox (badness 10000) has occurred while \output is active []

 [3]
LaTeX Font Info:    Font shape `JY1/mc/bx/n' in size <12> not available
(Font)              Font shape `JY1/gt/m/n' tried instead on input line 299.
LaTeX Font Info:    Font shape `JT1/mc/bx/n' in size <12> not available
(Font)              Font shape `JT1/gt/m/n' tried instead on input line 299.
LaTeX Font Info:    Font shape `OT1/ptm/bx/n' in size <12> not available
(Font)              Font shape `OT1/ptm/b/n' tried instead on input line 299.


LaTeX Font Warning: Font shape `JY1/mc/m/it' undefined
(Font)              using `JY1/mc/m/n' instead on input line 301.


LaTeX Font Warning: Font shape `JT1/mc/m/it' undefined
(Font)              using `JT1/mc/m/n' instead on input line 301.

[4]
File: ./mat/pgrflow.eps Graphic file (type eps)
 <./mat/pgrflow.eps>
File: ./mat/5model.eps Graphic file (type eps)
 <./mat/5model.eps>
File: ./mat/pg3.eps Graphic file (type eps)
 <./mat/pg3.eps>
File: ./mat/pgr_icl.eps Graphic file (type eps)
 <./mat/pgr_icl.eps>
(I search kanjifont definition file: . . ) (I search font definition file: . .
. . . . . )
LaTeX Font Info:    Try loading font information for OT1+pcr on input line 388.

 (/usr/share/texmf/tex/latex/psnfss/ot1pcr.fd
File: ot1pcr.fd 2001/06/04 font definitions for OT1/pcr.
) [5]
Overfull \hbox (17.35738pt too wide) in paragraph at lines 415--456
 [] 
 []


Underfull \hbox (badness 6032) in paragraph at lines 460--478
\OT1/ptm/m/n/10 fixed point for-mat adder/subtracter and ac-cu-mu-la-
 []


Underfull \hbox (badness 4467) in paragraph at lines 460--478
\OT1/ptm/m/n/10 tor, re-spec-tively. Mod-ules \OT1/pcr/m/n/10 pg[]log[]muldiv \
OT1/ptm/m/n/10 and
 []


Underfull \vbox (badness 10000) has occurred while \output is active []

 [6]
Underfull \hbox (badness 10000) in paragraph at lines 479--482
[]\OT1/ptm/m/n/10 Modules with \OT1/pcr/m/n/10 pg[]conv \OT1/ptm/m/n/10 are con
-vert-ers from
 []


Underfull \hbox (badness 10000) in paragraph at lines 479--482
\OT1/ptm/m/n/10 a par-tic-u-lar for-mat into an-other for-mat, e.g.,
 []


Underfull \hbox (badness 10000) in paragraph at lines 479--482
\OT1/pcr/m/n/10 pg[]conv[]floattofix \OT1/ptm/m/n/10 con-verts a floating-point

 []


Overfull \hbox (1.31775pt too wide) in paragraph at lines 496--513
 [] 
 []


Overfull \hbox (1.31775pt too wide) in paragraph at lines 521--540
 [] 
 []


Overfull \hbox (1.31775pt too wide) in paragraph at lines 547--566
 [] 
 []


Overfull \hbox (1.31775pt too wide) in paragraph at lines 573--592
 [] 
 []


Overfull \hbox (1.31775pt too wide) in paragraph at lines 599--618
 [] 
 []


Underfull \vbox (badness 10000) has occurred while \output is active []

 [7]
[8]
File: ./mat/simple.eps Graphic file (type eps)
 <./mat/simple.eps>

LaTeX Font Warning: Command \boldmath invalid in math mode on input line 661.


LaTeX Font Warning: Command \mathversion invalid in math mode on input line 661
.


LaTeX Font Warning: Command \boldmath invalid in math mode on input line 661.


LaTeX Font Warning: Command \mathversion invalid in math mode on input line 661
.

LaTeX Font Info:    Calculating math sizes for size <> on input line 662.

LaTeX Font Warning: Font shape `OT1/cmr/m/n' in size <> not available
(Font)              size <5> substituted on input line 662.


LaTeX Font Warning: Font shape `OT1/cmr/m/n' in size <0.7> not available
(Font)              size <5> substituted on input line 662.


LaTeX Font Warning: Font shape `OT1/cmr/m/n' in size <0.5> not available
(Font)              size <5> substituted on input line 662.


LaTeX Font Warning: Font shape `OML/cmm/m/it' in size <> not available
(Font)              size <5> substituted on input line 662.


LaTeX Font Warning: Font shape `OML/cmm/m/it' in size <0.7> not available
(Font)              size <5> substituted on input line 662.


LaTeX Font Warning: Font shape `OML/cmm/m/it' in size <0.5> not available
(Font)              size <5> substituted on input line 662.


LaTeX Font Warning: Font shape `OMS/cmsy/m/n' in size <> not available
(Font)              size <5> substituted on input line 662.


LaTeX Font Warning: Font shape `OMS/cmsy/m/n' in size <0.7> not available
(Font)              size <5> substituted on input line 662.


LaTeX Font Warning: Font shape `OMS/cmsy/m/n' in size <0.5> not available
(Font)              size <5> substituted on input line 662.

LaTeX Font Info:    External font `cmex10' loaded for size
(Font)              <> on input line 662.
LaTeX Font Info:    External font `cmex10' loaded for size
(Font)              <0.7> on input line 662.
LaTeX Font Info:    External font `cmex10' loaded for size
(Font)              <0.5> on input line 662.

LaTeX Font Warning: Command \boldmath invalid in math mode on input line 663.


LaTeX Font Warning: Command \mathversion invalid in math mode on input line 663
.

[9]
Underfull \hbox (badness 1038) in paragraph at lines 749--765
[]\OT1/ptm/m/n/10 We have com-pared this two im-ple-men-ta-tions with
 []

File: ./mat/grav_float_nodelay.eps Graphic file (type eps)
<./mat/grav_float_nodelay.eps>
Underfull \hbox (badness 1681) in paragraph at lines 866--866
[]\OT1/ptm/m/n/10 Figure 11: Sim-ple data flow of grav-i-ta-tional force
 []

File: ./mat/grav_float_delay.eps Graphic file (type eps)
<./mat/grav_float_delay.eps>
File: ./mat/perform/graph.eps Graphic file (type eps)
 <./mat/perform/graph.eps>
LaTeX Font Info:    Font shape `JY1/mc/bx/n' in size <10> not available
(Font)              Font shape `JY1/gt/m/n' tried instead on input line 916.
LaTeX Font Info:    Font shape `JT1/mc/bx/n' in size <10> not available
(Font)              Font shape `JT1/gt/m/n' tried instead on input line 916.
LaTeX Font Info:    Font shape `OT1/ptm/bx/n' in size <10> not available
(Font)              Font shape `OT1/ptm/b/n' tried instead on input line 916.


LaTeX Warning: Reference `Hamada2000' on page 10 undefined on input line 916.


Underfull \hbox (badness 5741) in paragraph at lines 914--923
\OT1/ptm/m/n/10 An ear-lier ex-am-ple of the use of re-con-fig-urable
 []


Underfull \hbox (badness 2662) in paragraph at lines 914--923
\OT1/ptm/m/n/10 hard-ware in the ac-cel-er-a-tion of sci-en-tific com-pu-ta-
 []


Underfull \hbox (badness 1629) in paragraph at lines 914--923
\OT1/ptm/m/n/10 tions is PROGRAPE-1(PROgrammable GRAPE-1)[].
 []

[10]

LaTeX Warning: Reference `THYL04' on page 11 undefined on input line 934.

[11]
Underfull \hbox (badness 3281) in paragraph at lines 977--981
\OT1/ptm/m/n/10 PROGRAPE-1: A Pro-grammable, Multi-Purpose
 []


Underfull \hbox (badness 1406) in paragraph at lines 1014--1019
\OT1/ptm/m/n/10 Arith-metic Li-brary and its Ap-pli-ca-tion to the N-
 []

[12] [13

] (./main.aux)

LaTeX Font Warning: Size substitutions with differences
(Font)              up to 4.5pt have occurred.


LaTeX Font Warning: Some font shapes were not available, defaults substituted.


LaTeX Warning: There were undefined references.

 ) 
Here is how much of TeX's memory you used:
 801 strings out of 95599
 9368 string characters out of 1192512
 69913 words of memory out of 1000001
 3898 multiletter control sequences out of 10000+50000
 22978 words of font info for 77 fonts, out of 500000 for 1000
 14 hyphenation exceptions out of 1000
 25i,9n,21p,265b,373s stack positions out of 1500i,500n,5000p,200000b,5000s

Output written on main.dvi (13 pages, 55732 bytes).
