This is pTeX, Version p2.1.11, based on TeX, Version 3.14159 (EUC) (Web2C 7.3.1) (format=platex 2002.8.29)  29 SEP 2005 03:22
**fpl05.tex
(fpl05.tex
pLaTeX2e <2000/11/03>+0 (based on LaTeX2e <2000/06/01> patch level 0)
(/usr/share/texmf/tex/latex/base/article.cls
Document Class: article 2000/05/19 v1.4b Standard LaTeX document class
(/usr/share/texmf/tex/latex/base/size10.clo
File: size10.clo 2000/05/19 v1.4b Standard LaTeX file (size option)
)
\c@part=\count81
\c@section=\count82
\c@subsection=\count83
\c@subsubsection=\count84
\c@paragraph=\count85
\c@subparagraph=\count86
\c@figure=\count87
\c@table=\count88
\abovecaptionskip=\skip41
\belowcaptionskip=\skip42
\bibindent=\dimen118
) (spconf.sty)
(/usr/share/texmf/tex/latex/amsmath/amsmath.sty
Package: amsmath 2000/07/18 v2.13 AMS math features
\@mathmargin=\skip43

For additional information on amsmath, use the `?' option.
(/usr/share/texmf/tex/latex/amsmath/amstext.sty
Package: amstext 2000/06/29 v2.01

(/usr/share/texmf/tex/latex/amsmath/amsgen.sty
File: amsgen.sty 1999/11/30 v2.0
\@emptytoks=\toks15
\ex@=\dimen119
))
(/usr/share/texmf/tex/latex/amsmath/amsbsy.sty
Package: amsbsy 1999/11/29 v1.2d
\pmbraise@=\dimen120
)
(/usr/share/texmf/tex/latex/amsmath/amsopn.sty
Package: amsopn 1999/12/14 v2.01 operator names
)
\inf@bad=\count89
LaTeX Info: Redefining \frac on input line 211.
\uproot@=\count90
\leftroot@=\count91
LaTeX Info: Redefining \overline on input line 307.
\classnum@=\count92
\DOTSCASE@=\count93
LaTeX Info: Redefining \ldots on input line 379.
LaTeX Info: Redefining \dots on input line 382.
LaTeX Info: Redefining \cdots on input line 467.
\Mathstrutbox@=\box41
\strutbox@=\box42
\big@size=\dimen121
LaTeX Font Info:    Redeclaring font encoding OML on input line 567.
LaTeX Font Info:    Redeclaring font encoding OMS on input line 568.
\macc@depth=\count94
\c@MaxMatrixCols=\count95
\dotsspace@=\muskip10
\c@parentequation=\count96
\dspbrk@lvl=\count97
\tag@help=\toks16
\row@=\count98
\column@=\count99
\maxfields@=\count100
\andhelp@=\toks17
\eqnshift@=\dimen122
\alignsep@=\dimen123
\tagshift@=\dimen124
\tagwidth@=\dimen125
\totwidth@=\dimen126
\lineht@=\dimen127
\@envbody=\toks18
\multlinegap=\skip44
\multlinetaggap=\skip45
\mathdisplay@stack=\toks19
LaTeX Info: Redefining \[ on input line 2666.
LaTeX Info: Redefining \] on input line 2667.
)
(/usr/share/texmf/tex/latex/graphics/epsfig.sty
Package: epsfig 1999/02/16 v1.7a (e)psfig emulation (SPQR)

(/usr/share/texmf/tex/latex/graphics/graphicx.sty
Package: graphicx 1999/02/16 v1.0f Enhanced LaTeX Graphics (DPC,SPQR)

(/usr/share/texmf/tex/latex/graphics/keyval.sty
Package: keyval 1999/03/16 v1.13 key=value parser (DPC)
\KV@toks@=\toks20
)
(/usr/share/texmf/tex/latex/graphics/graphics.sty
Package: graphics 1999/02/16 v1.0l Standard LaTeX Graphics (DPC,SPQR)

(/usr/share/texmf/tex/latex/graphics/trig.sty
Package: trig 1999/03/16 v1.09 sin cos tan (DPC)
)
(/usr/share/texmf/tex/latex/config/graphics.cfg)
Package graphics Info: Driver file: dvips.def on input line 80.

(/usr/share/texmf/tex/latex/graphics/dvips.def
File: dvips.def 1999/02/16 v3.0i Driver-dependant file (DPC,SPQR)
))
\Gin@req@height=\dimen128
\Gin@req@width=\dimen129
)
\epsfxsize=\dimen130
\epsfysize=\dimen131
) (fpl05.aux)
\openout1 = `fpl05.aux'.

LaTeX Font Info:    Checking defaults for OML/cmm/m/it on input line 49.
LaTeX Font Info:    ... okay on input line 49.
LaTeX Font Info:    Checking defaults for T1/cmr/m/n on input line 49.
LaTeX Font Info:    ... okay on input line 49.
LaTeX Font Info:    Checking defaults for OT1/cmr/m/n on input line 49.
LaTeX Font Info:    ... okay on input line 49.
LaTeX Font Info:    Checking defaults for OMS/cmsy/m/n on input line 49.
LaTeX Font Info:    ... okay on input line 49.
LaTeX Font Info:    Checking defaults for OMX/cmex/m/n on input line 49.
LaTeX Font Info:    ... okay on input line 49.
LaTeX Font Info:    Checking defaults for U/cmr/m/n on input line 49.
LaTeX Font Info:    ... okay on input line 49.
LaTeX Font Info:    Checking defaults for JY1/mc/m/n on input line 49.
LaTeX Font Info:    ... okay on input line 49.
LaTeX Font Info:    Checking defaults for JT1/mc/m/n on input line 49.
LaTeX Font Info:    ... okay on input line 49.

(I search kanjifont definition file: . . ) (I search font definition file: . .
. . . . . )
LaTeX Font Info:    Try loading font information for OT1+ptm on input line 49.
 (/usr/share/texmf/tex/latex/psnfss/ot1ptm.fd
File: ot1ptm.fd 2000/01/12 PSNFSS-v8.1 font definitions for OT1/ptm.
)
LaTeX Font Info:    Font shape `JY1/mc/bx/n' in size <12> not available
(Font)              Font shape `JY1/gt/m/n' tried instead on input line 52.
LaTeX Font Info:    Font shape `JT1/mc/bx/n' in size <12> not available
(Font)              Font shape `JT1/gt/m/n' tried instead on input line 52.
LaTeX Font Info:    Font shape `OT1/ptm/bx/n' in size <12> not available
(Font)              Font shape `OT1/ptm/b/n' tried instead on input line 52.


LaTeX Font Warning: Font shape `JY1/gt/m/it' undefined
(Font)              using `JY1/gt/m/n' instead on input line 52.


LaTeX Font Warning: Font shape `JT1/gt/m/it' undefined
(Font)              using `JT1/gt/m/n' instead on input line 52.

LaTeX Font Info:    Font shape `JY1/mc/bx/n' in size <10> not available
(Font)              Font shape `JY1/gt/m/n' tried instead on input line 59.
LaTeX Font Info:    Font shape `JT1/mc/bx/n' in size <10> not available
(Font)              Font shape `JT1/gt/m/n' tried instead on input line 59.
LaTeX Font Info:    Font shape `OT1/ptm/bx/n' in size <10> not available
(Font)              Font shape `OT1/ptm/b/n' tried instead on input line 59.

Overfull \hbox (0.7644pt too wide) in paragraph at lines 60--77
\OT1/ptm/m/n/10 FPGA con-fig-u-ra-tion is build by com-bin-ing com-po-nents fro
m
 []


Overfull \hbox (1.02498pt too wide) in paragraph at lines 60--77
\OT1/ptm/m/n/10 a min-i-mum com-po-si-tion of CRAY-XD1 with one XC2VP50-
 []


Overfull \hbox (4.01382pt too wide) in paragraph at lines 101--113
\OT1/ptm/m/n/10 is an FPGA-Based Ac-cel-er-a-tor(FBA) for as-tro-phys-i-cal man
y-
 []


Overfull \hbox (17.93417pt too wide) in paragraph at lines 101--113
\OT1/ptm/m/n/10 body sim-u-la-tions. It is im-ple-mented with two Al-tera EPF10
K100
 []


Package amsmath Warning: Foreign command \over;
(amsmath)                \frac or \genfrac should be used instead
(amsmath)                 on input line 115.

[1



]

LaTeX Warning: Citation `LCCN04' on page 2 undefined on input line 145.

(I search kanjifont definition file: . . ) (I search font definition file: . .
. . . . . )
LaTeX Font Info:    Try loading font information for OT1+pcr on input line 163.

 (/usr/share/texmf/tex/latex/psnfss/ot1pcr.fd
File: ot1pcr.fd 2000/01/12 PSNFSS-v8.1 font definitions for OT1/pcr.
)
Overfull \hbox (0.19374pt too wide) in paragraph at lines 142--176
\OT1/ptm/m/n/10 FP adders and mul-ti-pli-ers, and [[]][[]] pre-sented parametri
zed
 []


Overfull \hbox (9.17477pt too wide) in paragraph at lines 142--176
\OT1/ptm/m/n/10 dard al-go-rithm above, us-ing Func-tion Eval-u-a-tion Units(FE
Us),
 []


Overfull \hbox (4.51434pt too wide) in paragraph at lines 142--176
\OT1/ptm/m/n/10 for cal-cu-lat-ing ar-bi-trary func-tions such as $[]$, $[]\OT1
/cmr/m/n/10 (\OML/cmm/m/it/10 x\OT1/cmr/m/n/10 )$\OT1/ptm/m/n/10 , $[]\OT1/cmr/
m/n/10 (\OML/cmm/m/it/10 x\OT1/cmr/m/n/10 )$
 []


Overfull \hbox (6.0848pt too wide) in paragraph at lines 142--176
\OT1/ptm/m/n/10 im-ple-ment-ing a FEU, one can have three ap-prox-i-ma-tion met
h-
 []


Underfull \vbox (badness 6188) has occurred while \output is active []



LaTeX Font Warning: Font shape `JY1/mc/m/it' undefined
(Font)              using `JY1/mc/m/n' instead on input line 200.


LaTeX Font Warning: Font shape `JT1/mc/m/it' undefined
(Font)              using `JT1/mc/m/n' instead on input line 200.

[2]
Overfull \hbox (1.81386pt too wide) in paragraph at lines 268--276
\OT1/ptm/m/n/10 the user's ap-pli-ca-tion in PGR De-scrip-tion Lan-guages(PGDL;

 []


Overfull \hbox (6.91507pt too wide) in paragraph at lines 268--276
\OT1/ptm/m/n/10 pack-age, four com-po-nents (parser, mod-ule gen-er-a-tor, data
flow
 []


Overfull \hbox (12.4346pt too wide) in paragraph at lines 288--297
\OT1/ptm/m/n/10 level func-tion with ex-actly same ar-gu-ments each other. Name
ly,
 []

File: ./mat/designflow.eps Graphic file (type eps)
<./mat/designflow.eps>
Overfull \hbox (4.39775pt too wide) in paragraph at lines 345--347
[]\OT1/ptm/m/n/10 For ex-am-ple, in the PGDL, we can gen-er-ate an FP$[]$(8,16)

 []


Overfull \hbox (3.65627pt too wide) in paragraph at lines 415--419
[]\OT1/ptm/m/n/10 Modules \OT1/pcr/m/n/10 pg[]fix[]addsub \OT1/ptm/m/n/10 and \
OT1/pcr/m/n/10 pg[]fix[]accum \OT1/ptm/m/n/10 are FIX
 []

File: ./mat/synthe/logadd/Graph/slice.eps Graphic file (type eps)
<./mat/synthe/logadd/Graph/slice.eps>
File: ./mat/5model.eps Graphic file (type eps)
 <./mat/5model.eps>
Overfull \hbox (7.5744pt too wide) in paragraph at lines 451--457
\OT1/ptm/m/n/10 by adders and ta-bles. This method is suit-able for old-fashion
ed
 []

[3]
Overfull \hbox (0.61421pt too wide) in paragraph at lines 458--465
\OT1/ptm/m/n/10 the re-sources con-sump-tion as a func-tion of man-tissa bitwid
th
 []


Overfull \hbox (2.80417pt too wide) in paragraph at lines 458--465
\OT1/ptm/m/n/10 of LNS un-signed adder mapped on the Xil-inx XC2VP FPGA.
 []


Overfull \hbox (2.13406pt too wide) in paragraph at lines 458--465
\OT1/ptm/m/n/10 BLE+POLY'' is that we can re-duce ad-dress bitwidth for look-
 []


Overfull \hbox (2.18439pt too wide) in paragraph at lines 557--564
\OT1/ptm/m/n/10 De-vice Driver Layer(DDL), I/O & Con-trol Logic Layer(ICL)
 []


Underfull \vbox (badness 10000) has occurred while \output is active []

File: ./mat/PROGRAPE-3.eps Graphic file (type eps)

<./mat/PROGRAPE-3.eps> [4]
Overfull \hbox (3.12413pt too wide) in paragraph at lines 590--594
\OT1/ptm/m/n/10 tuned to gen-er-ate pipelined pro-ces-sors for particle-based s
im-
 []


LaTeX Font Warning: Command \boldmath invalid in math mode on input line 596.


LaTeX Font Warning: Command \mathversion invalid in math mode on input line 596
.


LaTeX Font Warning: Command \boldmath invalid in math mode on input line 596.


LaTeX Font Warning: Command \mathversion invalid in math mode on input line 596
.

LaTeX Font Info:    Calculating math sizes for size <> on input line 597.

LaTeX Font Warning: Font shape `OT1/cmr/m/n' in size <> not available
(Font)              size <5> substituted on input line 597.


LaTeX Font Warning: Font shape `OT1/cmr/m/n' in size <0.7> not available
(Font)              size <5> substituted on input line 597.


LaTeX Font Warning: Font shape `OT1/cmr/m/n' in size <0.5> not available
(Font)              size <5> substituted on input line 597.


LaTeX Font Warning: Font shape `OML/cmm/m/it' in size <> not available
(Font)              size <5> substituted on input line 597.


LaTeX Font Warning: Font shape `OML/cmm/m/it' in size <0.7> not available
(Font)              size <5> substituted on input line 597.


LaTeX Font Warning: Font shape `OML/cmm/m/it' in size <0.5> not available
(Font)              size <5> substituted on input line 597.


LaTeX Font Warning: Font shape `OMS/cmsy/m/n' in size <> not available
(Font)              size <5> substituted on input line 597.


LaTeX Font Warning: Font shape `OMS/cmsy/m/n' in size <0.7> not available
(Font)              size <5> substituted on input line 597.


LaTeX Font Warning: Font shape `OMS/cmsy/m/n' in size <0.5> not available
(Font)              size <5> substituted on input line 597.


LaTeX Font Warning: Font shape `OT1/cmr/bx/n' in size <> not available
(Font)              size <5> substituted on input line 597.


LaTeX Font Warning: Font shape `OT1/cmr/bx/n' in size <0.7> not available
(Font)              size <5> substituted on input line 597.


LaTeX Font Warning: Font shape `OT1/cmr/bx/n' in size <0.5> not available
(Font)              size <5> substituted on input line 597.


LaTeX Font Warning: Command \boldmath invalid in math mode on input line 599.


LaTeX Font Warning: Command \mathversion invalid in math mode on input line 599
.


Overfull \hbox (1.43492pt too wide) in paragraph at lines 610--615
[]\OT1/ptm/m/n/10 Figure 5 shows the block di-a-gram for this ex-am-ple. Here,
 []

File: ./mat/simple.eps Graphic file (type eps)
<./mat/simple.eps>
Underfull \vbox (badness 10000) has occurred while \output is active []

 [5]
File: ./mat/SrGraph.eps Graphic file (type eps)

<./mat/SrGraph.eps>
File: ./mat/synthe/pipe/Graph.eps Graphic file (type eps)
 <./mat/synthe/pipe/Graph.eps>
Overfull \hbox (5.66968pt too wide) in paragraph at lines 692--704
\OT1/ptm/m/n/10 of FP$[]$(8,16) and LNS$[]$(7,8) with the GRAPE-5 system[[]];
 []


Overfull \hbox (8.43474pt too wide) in paragraph at lines 743--750
\OT1/ptm/m/n/10 sus-tained per-for-mance grad-u-ally ap-proaches the peak throu
gh-
 []


Overfull \hbox (4.25455pt too wide) in paragraph at lines 840--843
\OT1/ptm/m/n/10 scal-ing op-er-a-tions are con-fus-ing and de-sign-ing APIs be-
comes
 []

File: ./mat/grav_float_delay.eps Graphic file (type eps)
<./mat/grav_float_delay.eps>
File: ./mat/perform/graph.eps Graphic file (type eps)
 <./mat/perform/graph.eps>
Underfull \hbox (badness 2698) in paragraph at lines 866--866
[]\OT1/ptm/b/n/10 Fig. 12\OT1/ptm/m/n/10 . The sus-tained cal-cu-la-tion speed 
of sin-gle
 []


Overfull \hbox (2.07368pt too wide) in paragraph at lines 872--882
\OT1/ptm/m/n/10 PGDL de-scrip-tion for the grav-i-ta-tional force pipelines is 
only
 []

[6]
Overfull \hbox (0.93507pt too wide) in paragraph at lines 883--885
[]\OT1/ptm/m/n/10 We spe-cially ac-knowl-edge Jun Yatabe, Ryuichi Sudo and
 []

(fpl05.bbl
LaTeX Font Info:    Font shape `JY1/mc/bx/n' in size <9> not available
(Font)              Font shape `JY1/gt/m/n' tried instead on input line 1.
LaTeX Font Info:    Font shape `JT1/mc/bx/n' in size <9> not available
(Font)              Font shape `JT1/gt/m/n' tried instead on input line 1.
LaTeX Font Info:    Font shape `OT1/ptm/bx/n' in size <9> not available
(Font)              Font shape `OT1/ptm/b/n' tried instead on input line 1.

Underfull \hbox (badness 1910) in paragraph at lines 22--26
[]\OT1/ptm/m/n/9 T. Hamada, T. Fukushige, A. Kawai, and J. Makino,
 []


Underfull \vbox (badness 4132) has occurred while \output is active []

 [7])
[8] (fpl05.aux)

LaTeX Font Warning: Size substitutions with differences
(Font)              up to 4.5pt have occurred.


LaTeX Font Warning: Some font shapes were not available, defaults substituted.


LaTeX Warning: There were undefined references.


LaTeX Warning: Label(s) may have changed. Rerun to get cross-references right.

 )
(\end occurred inside a group at level 1) 
Here is how much of TeX's memory you used:
 1414 strings out of 20654
 15519 string characters out of 194715
 80566 words of memory out of 350001
 4491 multiletter control sequences out of 10000+15000
 26141 words of font info for 88 fonts, out of 400000 for 1000
 16 hyphenation exceptions out of 10000
 32i,15n,23p,312b,585s stack positions out of 3000i,100n,1500p,50000b,4000s

Output written on fpl05.dvi (8 pages, 50852 bytes).
