Release 6.2.03i - xst G.31a
Copyright (c) 1995-2004 Xilinx, Inc.  All rights reserved.
--> Parameter TMPDIR set to __projnav
CPU : 0.00 / 0.98 s | Elapsed : 0.00 / 0.00 s
 
--> Parameter xsthdpdir set to ./xst
CPU : 0.00 / 0.98 s | Elapsed : 0.00 / 0.00 s
 
--> Reading design: ddr_top.prj

TABLE OF CONTENTS
  1) Synthesis Options Summary
  2) HDL Compilation
  3) HDL Analysis
  4) HDL Synthesis
  5) Advanced HDL Synthesis
     5.1) HDL Synthesis Report
  6) Low Level Synthesis
  7) Final Report
     7.1) Device utilization summary
     7.2) TIMING REPORT


=========================================================================
*                      Synthesis Options Summary                        *
=========================================================================
---- Source Parameters
Input File Name                    : ddr_top.prj
Input Format                       : mixed
Ignore Synthesis Constraint File   : NO
Verilog Include Directory          : 

---- Target Parameters
Output File Name                   : ddr_top
Output Format                      : NGC
Target Device                      : xc2vp70-5-ff1517

---- Source Options
Top Module Name                    : ddr_top
Automatic FSM Extraction           : YES
FSM Encoding Algorithm             : Auto
FSM Style                          : lut
RAM Extraction                     : Yes
RAM Style                          : Auto
ROM Extraction                     : Yes
ROM Style                          : Auto
Mux Extraction                     : YES
Mux Style                          : Auto
Decoder Extraction                 : YES
Priority Encoder Extraction        : YES
Shift Register Extraction          : YES
Logical Shifter Extraction         : YES
XOR Collapsing                     : YES
Resource Sharing                   : YES
Multiplier Style                   : auto
Automatic Register Balancing       : No

---- Target Options
Add IO Buffers                     : YES
Global Maximum Fanout              : 500
Add Generic Clock Buffer(BUFG)     : 16
Register Duplication               : YES
Equivalent register Removal        : YES
Slice Packing                      : YES
Pack IO Registers into IOBs        : auto

---- General Options
Optimization Goal                  : Speed
Optimization Effort                : 1
Keep Hierarchy                     : NO
Global Optimization                : AllClockNets
RTL Output                         : Yes
Write Timing Constraints           : NO
Hierarchy Separator                : _
Bus Delimiter                      : <>
Case Specifier                     : maintain
Slice Utilization Ratio            : 100
Slice Utilization Ratio Delta      : 5

---- Other Options
lso                                : ddr_top.lso
Read Cores                         : YES
cross_clock_analysis               : NO
verilog2001                        : YES
Optimize Instantiated Primitives   : NO
tristate2logic                     : No

=========================================================================


=========================================================================
*                          HDL Compilation                              *
=========================================================================
Compiling vhdl file D:/work/pci_fpga/pgfpga/project/../dpram.vhd in Library work.
Entity <dpram> (Architecture <rtl>) compiled.
Compiling vhdl file D:/work/pci_fpga/pgfpga/project/../pg_module.vhd in Library work.
Entity <pg_fix_sub_32_1> (Architecture <rtl>) compiled.
Entity <pg_adder_RCA_SUB_32_1> (Architecture <rtl>) compiled.
Entity <pg_conv_ftol_32_17_8_1> (Architecture <rtl>) compiled.
Entity <unreg_add_sub> (Architecture <rtl>) compiled.
Entity <penc_31_5> (Architecture <rtl>) compiled.
Entity <unreg_shift_ftol_30_10> (Architecture <rtl>) compiled.
Entity <bram_rom_8408_10_8_1> (Architecture <rtl>) compiled.
Entity <pg_pdelay_6> (Architecture <rtl>) compiled.
Entity <pg_log_shift_1> (Architecture <rtl>) compiled.
Entity <pg_pdelay_2> (Architecture <rtl>) compiled.
Entity <pg_log_unsigned_add_itp_17_8_6_2> (Architecture <rtl>) compiled.
Entity <lcell_rom_a106_6_10_1> (Architecture <rtl>) compiled.
Entity <lcell_rom_a906_6_9_1> (Architecture <rtl>) compiled.
Entity <pg_umult_6_9_0> (Architecture <rtl>) compiled.
Entity <pg_adder_RCA_SUB_17_0> (Architecture <rtl>) compiled.
Entity <pg_adder_RCA_SUB_16_0> (Architecture <rtl>) compiled.
Entity <pg_adder_RCA_SUB_11_0> (Architecture <rtl>) compiled.
Entity <pg_adder_RCA_ADD_16_0> (Architecture <rtl>) compiled.
Entity <pg_log_shift_m1> (Architecture <rtl>) compiled.
Entity <pg_log_mul_17_1> (Architecture <rtl>) compiled.
Entity <pg_adder_RCA_ADD_15_1> (Architecture <rtl>) compiled.
Entity <pg_pdelay_7> (Architecture <rtl>) compiled.
Entity <pg_log_div_17_1> (Architecture <rtl>) compiled.
Entity <pg_adder_RCA_SUB_15_1> (Architecture <rtl>) compiled.
Entity <pg_log_sdiv_17_1> (Architecture <rtl>) compiled.
Entity <pg_adder_RCA_SUB_16_1> (Architecture <rtl>) compiled.
Entity <pg_conv_ltof_17_8_57_2> (Architecture <rtl>) compiled.
Entity <unreg_shift_ltof_9_7_56> (Architecture <rtl>) compiled.
Entity <bram_rom_8f28_8_8_1> (Architecture <rtl>) compiled.
Entity <pg_fix_accum_57_64_1> (Architecture <rtl>) compiled.
Entity <fix_accum_reg_last_1> (Architecture <rtl>) compiled.
Entity <pg_lcell> (Architecture <schematic>) compiled.
Compiling vhdl file D:/work/pci_fpga/pgfpga/project/../adr_dec.vhd in Library work.
Entity <adr_dec> (Architecture <rtl>) compiled.
Compiling vhdl file D:/work/pci_fpga/pgfpga/project/../pg_pipe.vhd in Library work.
Entity <pg_pipe> (Architecture <std>) compiled.
Entity <pipe> (Architecture <std>) compiled.
Compiling vhdl file D:/work/pci_fpga/pgfpga/project/../calc.vhd in Library work.
Entity <calc> (Architecture <rtl>) compiled.
Compiling vhdl file D:/work/pci_fpga/pgfpga/project/../pipe_sts.vhd in Library work.
Entity <pipe_sts> (Architecture <rtl>) compiled.
Compiling vhdl file D:/work/pci_fpga/pgfpga/project/../setn.vhd in Library work.
Entity <setn> (Architecture <rtl>) compiled.
Compiling vhdl file D:/work/pci_fpga/pgfpga/project/../jmem.vhd in Library work.
Entity <jmem> (Architecture <rtl>) compiled.
Compiling vhdl file D:/work/pci_fpga/pgfpga/project/../ddr_top.vhd in Library work.
Entity <ddr_top> (Architecture <RTL>) compiled.
Entity <pmetor> (Architecture <rtl>) compiled.
Entity <CLK_MULDIV> (Architecture <rtl>) compiled.

=========================================================================
*                            HDL Analysis                               *
=========================================================================
Analyzing Entity <ddr_top> (Architecture <RTL>).
Entity <ddr_top> analyzed. Unit <ddr_top> generated.

Analyzing generic Entity <CLK_MULDIV> (Architecture <rtl>).
	CLKFX_MULTIPLY = 5
	CLKFX_DIVIDE = 2
WARNING:Xst:753 - D:/work/pci_fpga/pgfpga/project/../ddr_top.vhd line 603: Unconnected output port 'CLK90' of component 'DCM'.
WARNING:Xst:753 - D:/work/pci_fpga/pgfpga/project/../ddr_top.vhd line 603: Unconnected output port 'CLK180' of component 'DCM'.
WARNING:Xst:753 - D:/work/pci_fpga/pgfpga/project/../ddr_top.vhd line 603: Unconnected output port 'CLK270' of component 'DCM'.
WARNING:Xst:753 - D:/work/pci_fpga/pgfpga/project/../ddr_top.vhd line 603: Unconnected output port 'CLK2X' of component 'DCM'.
WARNING:Xst:753 - D:/work/pci_fpga/pgfpga/project/../ddr_top.vhd line 603: Unconnected output port 'CLK2X180' of component 'DCM'.
WARNING:Xst:753 - D:/work/pci_fpga/pgfpga/project/../ddr_top.vhd line 603: Unconnected output port 'CLKDV' of component 'DCM'.
WARNING:Xst:753 - D:/work/pci_fpga/pgfpga/project/../ddr_top.vhd line 603: Unconnected output port 'CLKFX180' of component 'DCM'.
WARNING:Xst:753 - D:/work/pci_fpga/pgfpga/project/../ddr_top.vhd line 603: Unconnected output port 'PSDONE' of component 'DCM'.
WARNING:Xst:753 - D:/work/pci_fpga/pgfpga/project/../ddr_top.vhd line 603: Unconnected output port 'STATUS' of component 'DCM'.
WARNING:Xst:766 - D:/work/pci_fpga/pgfpga/project/../ddr_top.vhd line 603: Generating a Black Box for component <DCM>.
WARNING:Xst:766 - D:/work/pci_fpga/pgfpga/project/../ddr_top.vhd line 620: Generating a Black Box for component <IBUFG>.
WARNING:Xst:766 - D:/work/pci_fpga/pgfpga/project/../ddr_top.vhd line 621: Generating a Black Box for component <BUFG>.
WARNING:Xst:766 - D:/work/pci_fpga/pgfpga/project/../ddr_top.vhd line 622: Generating a Black Box for component <BUFG>.
Entity <CLK_MULDIV> analyzed. Unit <CLK_MULDIV> generated.

Analyzing Entity <adr_dec> (Architecture <rtl>).
Entity <adr_dec> analyzed. Unit <adr_dec> generated.

Analyzing generic Entity <pg_pipe> (Architecture <std>).
	JDATA_WIDTH = 113
Entity <pg_pipe> analyzed. Unit <pg_pipe> generated.

Analyzing generic Entity <pipe> (Architecture <std>).
	JDATA_WIDTH = 113
Entity <pipe> analyzed. Unit <pipe> generated.

Analyzing Entity <pg_fix_sub_32_1> (Architecture <rtl>).
Entity <pg_fix_sub_32_1> analyzed. Unit <pg_fix_sub_32_1> generated.

Analyzing Entity <pg_adder_RCA_SUB_32_1> (Architecture <rtl>).
Entity <pg_adder_RCA_SUB_32_1> analyzed. Unit <pg_adder_RCA_SUB_32_1> generated.

Analyzing Entity <pg_conv_ftol_32_17_8_1> (Architecture <rtl>).
Entity <pg_conv_ftol_32_17_8_1> analyzed. Unit <pg_conv_ftol_32_17_8_1> generated.

Analyzing generic Entity <unreg_add_sub> (Architecture <rtl>).
	WIDTH = 31
	DIRECTION = "ADD"
Entity <unreg_add_sub> analyzed. Unit <unreg_add_sub> generated.

Analyzing Entity <penc_31_5> (Architecture <rtl>).
Entity <penc_31_5> analyzed. Unit <penc_31_5> generated.

Analyzing Entity <unreg_shift_ftol_30_10> (Architecture <rtl>).
Entity <unreg_shift_ftol_30_10> analyzed. Unit <unreg_shift_ftol_30_10> generated.

Analyzing Entity <bram_rom_8408_10_8_1> (Architecture <rtl>).
Entity <bram_rom_8408_10_8_1> analyzed. Unit <bram_rom_8408_10_8_1> generated.

Analyzing generic Entity <unreg_add_sub> (Architecture <rtl>).
	WIDTH = 5
	DIRECTION = "ADD"
Entity <unreg_add_sub> analyzed. Unit <unreg_add_sub0> generated.

Analyzing generic Entity <pg_pdelay_6> (Architecture <rtl>).
	PG_WIDTH = 17
Entity <pg_pdelay_6> analyzed. Unit <pg_pdelay_6> generated.

Analyzing generic Entity <pg_log_shift_1> (Architecture <rtl>).
	PG_WIDTH = 17
Entity <pg_log_shift_1> analyzed. Unit <pg_log_shift_1> generated.

Analyzing generic Entity <pg_pdelay_2> (Architecture <rtl>).
	PG_WIDTH = 17
Entity <pg_pdelay_2> analyzed. Unit <pg_pdelay_2> generated.

Analyzing Entity <pg_log_unsigned_add_itp_17_8_6_2> (Architecture <rtl>).
Entity <pg_log_unsigned_add_itp_17_8_6_2> analyzed. Unit <pg_log_unsigned_add_itp_17_8_6_2> generated.

Analyzing Entity <pg_adder_RCA_SUB_17_0> (Architecture <rtl>).
Entity <pg_adder_RCA_SUB_17_0> analyzed. Unit <pg_adder_RCA_SUB_17_0> generated.

Analyzing Entity <pg_adder_RCA_SUB_16_0> (Architecture <rtl>).
Entity <pg_adder_RCA_SUB_16_0> analyzed. Unit <pg_adder_RCA_SUB_16_0> generated.

Analyzing Entity <lcell_rom_a106_6_10_1> (Architecture <rtl>).
Entity <lcell_rom_a106_6_10_1> analyzed. Unit <lcell_rom_a106_6_10_1> generated.

Analyzing generic Entity <pg_lcell> (Architecture <schematic>).
	MASK = <u>0110001100000101
	FF = 0
Entity <pg_lcell> analyzed. Unit <pg_lcell> generated.

Analyzing generic Entity <pg_lcell> (Architecture <schematic>).
	MASK = <u>1011000001110001
	FF = 0
Entity <pg_lcell> analyzed. Unit <pg_lcell1> generated.

Analyzing generic Entity <pg_lcell> (Architecture <schematic>).
	MASK = <u>0101100001110111
	FF = 0
Entity <pg_lcell> analyzed. Unit <pg_lcell2> generated.

Analyzing generic Entity <pg_lcell> (Architecture <schematic>).
	MASK = <u>1101101101000001
	FF = 0
Entity <pg_lcell> analyzed. Unit <pg_lcell3> generated.

Analyzing generic Entity <pg_lcell> (Architecture <schematic>).
	MASK = <u>0110011001011101
	FF = 0
Entity <pg_lcell> analyzed. Unit <pg_lcell4> generated.

Analyzing generic Entity <pg_lcell> (Architecture <schematic>).
	MASK = <u>1101010001001001
	FF = 0
Entity <pg_lcell> analyzed. Unit <pg_lcell5> generated.

Analyzing generic Entity <pg_lcell> (Architecture <schematic>).
	MASK = <u>1100110100010001
	FF = 0
Entity <pg_lcell> analyzed. Unit <pg_lcell6> generated.

Analyzing generic Entity <pg_lcell> (Architecture <schematic>).
	MASK = <u>0011110011001011
	FF = 0
Entity <pg_lcell> analyzed. Unit <pg_lcell7> generated.

Analyzing generic Entity <pg_lcell> (Architecture <schematic>).
	MASK = <u>0000001111000111
	FF = 0
Entity <pg_lcell> analyzed. Unit <pg_lcell8> generated.

Analyzing generic Entity <pg_lcell> (Architecture <schematic>).
	MASK = <u>0000000000111111
	FF = 0
Entity <pg_lcell> analyzed. Unit <pg_lcell9> generated.

Analyzing generic Entity <pg_lcell> (Architecture <schematic>).
	MASK = <u>1001001110010011
	FF = 0
Entity <pg_lcell> analyzed. Unit <pg_lcell10> generated.

Analyzing generic Entity <pg_lcell> (Architecture <schematic>).
	MASK = <u>1011101110101010
	FF = 0
Entity <pg_lcell> analyzed. Unit <pg_lcell11> generated.

Analyzing generic Entity <pg_lcell> (Architecture <schematic>).
	MASK = <u>1000100100111000
	FF = 0
Entity <pg_lcell> analyzed. Unit <pg_lcell12> generated.

Analyzing generic Entity <pg_lcell> (Architecture <schematic>).
	MASK = <u>0111100010010011
	FF = 0
Entity <pg_lcell> analyzed. Unit <pg_lcell13> generated.

Analyzing generic Entity <pg_lcell> (Architecture <schematic>).
	MASK = <u>0000011110001001
	FF = 0
Entity <pg_lcell> analyzed. Unit <pg_lcell14> generated.

Analyzing generic Entity <pg_lcell> (Architecture <schematic>).
	MASK = <u>0000000001111000
	FF = 0
Entity <pg_lcell> analyzed. Unit <pg_lcell15> generated.

Analyzing generic Entity <pg_lcell> (Architecture <schematic>).
	MASK = <u>0000000000000111
	FF = 0
Entity <pg_lcell> analyzed. Unit <pg_lcell16> generated.

Analyzing generic Entity <pg_lcell> (Architecture <schematic>).
	MASK = <u>0000000000011010
	FF = 0
Entity <pg_lcell> analyzed. Unit <pg_lcell17> generated.

Analyzing generic Entity <pg_lcell> (Architecture <schematic>).
	MASK = <u>0000000001111001
	FF = 0
Entity <pg_lcell> analyzed. Unit <pg_lcell18> generated.

Analyzing Entity <lcell_rom_a906_6_9_1> (Architecture <rtl>).
Entity <lcell_rom_a906_6_9_1> analyzed. Unit <lcell_rom_a906_6_9_1> generated.

Analyzing generic Entity <pg_lcell> (Architecture <schematic>).
	MASK = <u>1101110101100100
	FF = 0
Entity <pg_lcell> analyzed. Unit <pg_lcell19> generated.

Analyzing generic Entity <pg_lcell> (Architecture <schematic>).
	MASK = <u>0010111101011111
	FF = 0
Entity <pg_lcell> analyzed. Unit <pg_lcell20> generated.

Analyzing generic Entity <pg_lcell> (Architecture <schematic>).
	MASK = <u>0100011110100010
	FF = 0
Entity <pg_lcell> analyzed. Unit <pg_lcell21> generated.

Analyzing generic Entity <pg_lcell> (Architecture <schematic>).
	MASK = <u>0111110111101011
	FF = 0
Entity <pg_lcell> analyzed. Unit <pg_lcell22> generated.

Analyzing generic Entity <pg_lcell> (Architecture <schematic>).
	MASK = <u>0010100111100110
	FF = 0
Entity <pg_lcell> analyzed. Unit <pg_lcell23> generated.

Analyzing generic Entity <pg_lcell> (Architecture <schematic>).
	MASK = <u>0001101101001011
	FF = 0
Entity <pg_lcell> analyzed. Unit <pg_lcell24> generated.

Analyzing generic Entity <pg_lcell> (Architecture <schematic>).
	MASK = <u>1111100011011001
	FF = 0
Entity <pg_lcell> analyzed. Unit <pg_lcell25> generated.

Analyzing generic Entity <pg_lcell> (Architecture <schematic>).
	MASK = <u>0000011111000111
	FF = 0
Entity <pg_lcell> analyzed. Unit <pg_lcell26> generated.

Analyzing generic Entity <pg_lcell> (Architecture <schematic>).
	MASK = <u>0101100010010010
	FF = 0
Entity <pg_lcell> analyzed. Unit <pg_lcell27> generated.

Analyzing generic Entity <pg_lcell> (Architecture <schematic>).
	MASK = <u>0011010100001010
	FF = 0
Entity <pg_lcell> analyzed. Unit <pg_lcell28> generated.

Analyzing generic Entity <pg_lcell> (Architecture <schematic>).
	MASK = <u>1111001101010010
	FF = 0
Entity <pg_lcell> analyzed. Unit <pg_lcell29> generated.

Analyzing generic Entity <pg_lcell> (Architecture <schematic>).
	MASK = <u>0000111100110111
	FF = 0
Entity <pg_lcell> analyzed. Unit <pg_lcell30> generated.

Analyzing generic Entity <pg_lcell> (Architecture <schematic>).
	MASK = <u>0000000011110001
	FF = 0
Entity <pg_lcell> analyzed. Unit <pg_lcell31> generated.

Analyzing generic Entity <pg_lcell> (Architecture <schematic>).
	MASK = <u>0000000000001111
	FF = 0
Entity <pg_lcell> analyzed. Unit <pg_lcell32> generated.

Analyzing generic Entity <pg_lcell> (Architecture <schematic>).
	MASK = <u>0000000001000110
	FF = 0
Entity <pg_lcell> analyzed. Unit <pg_lcell33> generated.

Analyzing generic Entity <pg_lcell> (Architecture <schematic>).
	MASK = <u>0000000000111110
	FF = 0
Entity <pg_lcell> analyzed. Unit <pg_lcell34> generated.

Analyzing generic Entity <pg_lcell> (Architecture <schematic>).
	MASK = <u>0000000000000001
	FF = 0
Entity <pg_lcell> analyzed. Unit <pg_lcell35> generated.

Analyzing Entity <pg_umult_6_9_0> (Architecture <rtl>).
Entity <pg_umult_6_9_0> analyzed. Unit <pg_umult_6_9_0> generated.

Analyzing Entity <pg_adder_RCA_SUB_11_0> (Architecture <rtl>).
Entity <pg_adder_RCA_SUB_11_0> analyzed. Unit <pg_adder_RCA_SUB_11_0> generated.

Analyzing Entity <pg_adder_RCA_ADD_16_0> (Architecture <rtl>).
Entity <pg_adder_RCA_ADD_16_0> analyzed. Unit <pg_adder_RCA_ADD_16_0> generated.

Analyzing generic Entity <pg_log_shift_m1> (Architecture <rtl>).
	PG_WIDTH = 17
Entity <pg_log_shift_m1> analyzed. Unit <pg_log_shift_m1> generated.

Analyzing Entity <pg_log_mul_17_1> (Architecture <rtl>).
Entity <pg_log_mul_17_1> analyzed. Unit <pg_log_mul_17_1> generated.

Analyzing Entity <pg_adder_RCA_ADD_15_1> (Architecture <rtl>).
Entity <pg_adder_RCA_ADD_15_1> analyzed. Unit <pg_adder_RCA_ADD_15_1> generated.

Analyzing generic Entity <pg_pdelay_7> (Architecture <rtl>).
	PG_WIDTH = 17
Entity <pg_pdelay_7> analyzed. Unit <pg_pdelay_7> generated.

Analyzing Entity <pg_log_div_17_1> (Architecture <rtl>).
Entity <pg_log_div_17_1> analyzed. Unit <pg_log_div_17_1> generated.

Analyzing Entity <pg_adder_RCA_SUB_15_1> (Architecture <rtl>).
Entity <pg_adder_RCA_SUB_15_1> analyzed. Unit <pg_adder_RCA_SUB_15_1> generated.

Analyzing Entity <pg_log_sdiv_17_1> (Architecture <rtl>).
Entity <pg_log_sdiv_17_1> analyzed. Unit <pg_log_sdiv_17_1> generated.

Analyzing Entity <pg_adder_RCA_SUB_16_1> (Architecture <rtl>).
Entity <pg_adder_RCA_SUB_16_1> analyzed. Unit <pg_adder_RCA_SUB_16_1> generated.

Analyzing Entity <pg_conv_ltof_17_8_57_2> (Architecture <rtl>).
Entity <pg_conv_ltof_17_8_57_2> analyzed. Unit <pg_conv_ltof_17_8_57_2> generated.

Analyzing Entity <bram_rom_8f28_8_8_1> (Architecture <rtl>).
Entity <bram_rom_8f28_8_8_1> analyzed. Unit <bram_rom_8f28_8_8_1> generated.

Analyzing Entity <unreg_shift_ltof_9_7_56> (Architecture <rtl>).
Entity <unreg_shift_ltof_9_7_56> analyzed. Unit <unreg_shift_ltof_9_7_56> generated.

Analyzing Entity <pg_fix_accum_57_64_1> (Architecture <rtl>).
Entity <pg_fix_accum_57_64_1> analyzed. Unit <pg_fix_accum_57_64_1> generated.

Analyzing generic Entity <fix_accum_reg_last_1> (Architecture <rtl>).
	WIDTH = 64
WARNING:Xst:819 - D:/work/pci_fpga/pgfpga/project/../pg_module.vhd line 3198: The following signals are missing in the process sensitivity list:
   zeros.
Entity <fix_accum_reg_last_1> analyzed. Unit <fix_accum_reg_last_1> generated.

Analyzing Entity <calc> (Architecture <rtl>).
Entity <calc> analyzed. Unit <calc> generated.

Analyzing Entity <pipe_sts> (Architecture <rtl>).
Entity <pipe_sts> analyzed. Unit <pipe_sts> generated.

Analyzing Entity <setn> (Architecture <rtl>).
Entity <setn> analyzed. Unit <setn> generated.

Analyzing Entity <jmem> (Architecture <rtl>).
Entity <jmem> analyzed. Unit <jmem> generated.

Analyzing Entity <dpram> (Architecture <rtl>).
WARNING:Xst:753 - D:/work/pci_fpga/pgfpga/project/../dpram.vhd line 52: Unconnected output port 'doa' of component 'RAMB16_S1_S1'.
WARNING:Xst:766 - D:/work/pci_fpga/pgfpga/project/../dpram.vhd line 52: Generating a Black Box for component <RAMB16_S1_S1>.
WARNING:Xst:753 - D:/work/pci_fpga/pgfpga/project/../dpram.vhd line 52: Unconnected output port 'doa' of component 'RAMB16_S1_S1'.
WARNING:Xst:766 - D:/work/pci_fpga/pgfpga/project/../dpram.vhd line 52: Generating a Black Box for component <RAMB16_S1_S1>.
WARNING:Xst:753 - D:/work/pci_fpga/pgfpga/project/../dpram.vhd line 52: Unconnected output port 'doa' of component 'RAMB16_S1_S1'.
WARNING:Xst:766 - D:/work/pci_fpga/pgfpga/project/../dpram.vhd line 52: Generating a Black Box for component <RAMB16_S1_S1>.
WARNING:Xst:753 - D:/work/pci_fpga/pgfpga/project/../dpram.vhd line 52: Unconnected output port 'doa' of component 'RAMB16_S1_S1'.
WARNING:Xst:766 - D:/work/pci_fpga/pgfpga/project/../dpram.vhd line 52: Generating a Black Box for component <RAMB16_S1_S1>.
WARNING:Xst:753 - D:/work/pci_fpga/pgfpga/project/../dpram.vhd line 52: Unconnected output port 'doa' of component 'RAMB16_S1_S1'.
WARNING:Xst:766 - D:/work/pci_fpga/pgfpga/project/../dpram.vhd line 52: Generating a Black Box for component <RAMB16_S1_S1>.
WARNING:Xst:753 - D:/work/pci_fpga/pgfpga/project/../dpram.vhd line 52: Unconnected output port 'doa' of component 'RAMB16_S1_S1'.
WARNING:Xst:766 - D:/work/pci_fpga/pgfpga/project/../dpram.vhd line 52: Generating a Black Box for component <RAMB16_S1_S1>.
WARNING:Xst:753 - D:/work/pci_fpga/pgfpga/project/../dpram.vhd line 52: Unconnected output port 'doa' of component 'RAMB16_S1_S1'.
WARNING:Xst:766 - D:/work/pci_fpga/pgfpga/project/../dpram.vhd line 52: Generating a Black Box for component <RAMB16_S1_S1>.
WARNING:Xst:753 - D:/work/pci_fpga/pgfpga/project/../dpram.vhd line 52: Unconnected output port 'doa' of component 'RAMB16_S1_S1'.
WARNING:Xst:766 - D:/work/pci_fpga/pgfpga/project/../dpram.vhd line 52: Generating a Black Box for component <RAMB16_S1_S1>.
WARNING:Xst:753 - D:/work/pci_fpga/pgfpga/project/../dpram.vhd line 52: Unconnected output port 'doa' of component 'RAMB16_S1_S1'.
WARNING:Xst:766 - D:/work/pci_fpga/pgfpga/project/../dpram.vhd line 52: Generating a Black Box for component <RAMB16_S1_S1>.
WARNING:Xst:753 - D:/work/pci_fpga/pgfpga/project/../dpram.vhd line 52: Unconnected output port 'doa' of component 'RAMB16_S1_S1'.
WARNING:Xst:766 - D:/work/pci_fpga/pgfpga/project/../dpram.vhd line 52: Generating a Black Box for component <RAMB16_S1_S1>.
WARNING:Xst:753 - D:/work/pci_fpga/pgfpga/project/../dpram.vhd line 52: Unconnected output port 'doa' of component 'RAMB16_S1_S1'.
WARNING:Xst:766 - D:/work/pci_fpga/pgfpga/project/../dpram.vhd line 52: Generating a Black Box for component <RAMB16_S1_S1>.
WARNING:Xst:753 - D:/work/pci_fpga/pgfpga/project/../dpram.vhd line 52: Unconnected output port 'doa' of component 'RAMB16_S1_S1'.
WARNING:Xst:766 - D:/work/pci_fpga/pgfpga/project/../dpram.vhd line 52: Generating a Black Box for component <RAMB16_S1_S1>.
WARNING:Xst:753 - D:/work/pci_fpga/pgfpga/project/../dpram.vhd line 52: Unconnected output port 'doa' of component 'RAMB16_S1_S1'.
WARNING:Xst:766 - D:/work/pci_fpga/pgfpga/project/../dpram.vhd line 52: Generating a Black Box for component <RAMB16_S1_S1>.
WARNING:Xst:753 - D:/work/pci_fpga/pgfpga/project/../dpram.vhd line 52: Unconnected output port 'doa' of component 'RAMB16_S1_S1'.
WARNING:Xst:766 - D:/work/pci_fpga/pgfpga/project/../dpram.vhd line 52: Generating a Black Box for component <RAMB16_S1_S1>.
WARNING:Xst:753 - D:/work/pci_fpga/pgfpga/project/../dpram.vhd line 52: Unconnected output port 'doa' of component 'RAMB16_S1_S1'.
WARNING:Xst:766 - D:/work/pci_fpga/pgfpga/project/../dpram.vhd line 52: Generating a Black Box for component <RAMB16_S1_S1>.
WARNING:Xst:753 - D:/work/pci_fpga/pgfpga/project/../dpram.vhd line 52: Unconnected output port 'doa' of component 'RAMB16_S1_S1'.
WARNING:Xst:766 - D:/work/pci_fpga/pgfpga/project/../dpram.vhd line 52: Generating a Black Box for component <RAMB16_S1_S1>.
WARNING:Xst:753 - D:/work/pci_fpga/pgfpga/project/../dpram.vhd line 52: Unconnected output port 'doa' of component 'RAMB16_S1_S1'.
WARNING:Xst:766 - D:/work/pci_fpga/pgfpga/project/../dpram.vhd line 52: Generating a Black Box for component <RAMB16_S1_S1>.
WARNING:Xst:753 - D:/work/pci_fpga/pgfpga/project/../dpram.vhd line 52: Unconnected output port 'doa' of component 'RAMB16_S1_S1'.
WARNING:Xst:766 - D:/work/pci_fpga/pgfpga/project/../dpram.vhd line 52: Generating a Black Box for component <RAMB16_S1_S1>.
WARNING:Xst:753 - D:/work/pci_fpga/pgfpga/project/../dpram.vhd line 52: Unconnected output port 'doa' of component 'RAMB16_S1_S1'.
WARNING:Xst:766 - D:/work/pci_fpga/pgfpga/project/../dpram.vhd line 52: Generating a Black Box for component <RAMB16_S1_S1>.
WARNING:Xst:753 - D:/work/pci_fpga/pgfpga/project/../dpram.vhd line 52: Unconnected output port 'doa' of component 'RAMB16_S1_S1'.
WARNING:Xst:766 - D:/work/pci_fpga/pgfpga/project/../dpram.vhd line 52: Generating a Black Box for component <RAMB16_S1_S1>.
WARNING:Xst:753 - D:/work/pci_fpga/pgfpga/project/../dpram.vhd line 52: Unconnected output port 'doa' of component 'RAMB16_S1_S1'.
WARNING:Xst:766 - D:/work/pci_fpga/pgfpga/project/../dpram.vhd line 52: Generating a Black Box for component <RAMB16_S1_S1>.
WARNING:Xst:753 - D:/work/pci_fpga/pgfpga/project/../dpram.vhd line 52: Unconnected output port 'doa' of component 'RAMB16_S1_S1'.
WARNING:Xst:766 - D:/work/pci_fpga/pgfpga/project/../dpram.vhd line 52: Generating a Black Box for component <RAMB16_S1_S1>.
WARNING:Xst:753 - D:/work/pci_fpga/pgfpga/project/../dpram.vhd line 52: Unconnected output port 'doa' of component 'RAMB16_S1_S1'.
WARNING:Xst:766 - D:/work/pci_fpga/pgfpga/project/../dpram.vhd line 52: Generating a Black Box for component <RAMB16_S1_S1>.
WARNING:Xst:753 - D:/work/pci_fpga/pgfpga/project/../dpram.vhd line 52: Unconnected output port 'doa' of component 'RAMB16_S1_S1'.
WARNING:Xst:766 - D:/work/pci_fpga/pgfpga/project/../dpram.vhd line 52: Generating a Black Box for component <RAMB16_S1_S1>.
WARNING:Xst:753 - D:/work/pci_fpga/pgfpga/project/../dpram.vhd line 52: Unconnected output port 'doa' of component 'RAMB16_S1_S1'.
WARNING:Xst:766 - D:/work/pci_fpga/pgfpga/project/../dpram.vhd line 52: Generating a Black Box for component <RAMB16_S1_S1>.
WARNING:Xst:753 - D:/work/pci_fpga/pgfpga/project/../dpram.vhd line 52: Unconnected output port 'doa' of component 'RAMB16_S1_S1'.
WARNING:Xst:766 - D:/work/pci_fpga/pgfpga/project/../dpram.vhd line 52: Generating a Black Box for component <RAMB16_S1_S1>.
WARNING:Xst:753 - D:/work/pci_fpga/pgfpga/project/../dpram.vhd line 52: Unconnected output port 'doa' of component 'RAMB16_S1_S1'.
WARNING:Xst:766 - D:/work/pci_fpga/pgfpga/project/../dpram.vhd line 52: Generating a Black Box for component <RAMB16_S1_S1>.
WARNING:Xst:753 - D:/work/pci_fpga/pgfpga/project/../dpram.vhd line 52: Unconnected output port 'doa' of component 'RAMB16_S1_S1'.
WARNING:Xst:766 - D:/work/pci_fpga/pgfpga/project/../dpram.vhd line 52: Generating a Black Box for component <RAMB16_S1_S1>.
WARNING:Xst:753 - D:/work/pci_fpga/pgfpga/project/../dpram.vhd line 52: Unconnected output port 'doa' of component 'RAMB16_S1_S1'.
WARNING:Xst:766 - D:/work/pci_fpga/pgfpga/project/../dpram.vhd line 52: Generating a Black Box for component <RAMB16_S1_S1>.
WARNING:Xst:753 - D:/work/pci_fpga/pgfpga/project/../dpram.vhd line 52: Unconnected output port 'doa' of component 'RAMB16_S1_S1'.
WARNING:Xst:766 - D:/work/pci_fpga/pgfpga/project/../dpram.vhd line 52: Generating a Black Box for component <RAMB16_S1_S1>.
WARNING:Xst:753 - D:/work/pci_fpga/pgfpga/project/../dpram.vhd line 52: Unconnected output port 'doa' of component 'RAMB16_S1_S1'.
WARNING:Xst:766 - D:/work/pci_fpga/pgfpga/project/../dpram.vhd line 52: Generating a Black Box for component <RAMB16_S1_S1>.
WARNING:Xst:753 - D:/work/pci_fpga/pgfpga/project/../dpram.vhd line 52: Unconnected output port 'doa' of component 'RAMB16_S1_S1'.
WARNING:Xst:766 - D:/work/pci_fpga/pgfpga/project/../dpram.vhd line 52: Generating a Black Box for component <RAMB16_S1_S1>.
Entity <dpram> analyzed. Unit <dpram> generated.


=========================================================================
*                           HDL Synthesis                               *
=========================================================================

Synthesizing Unit <dpram>.
    Related source file is D:/work/pci_fpga/pgfpga/project/../dpram.vhd.
Unit <dpram> synthesized.


Synthesizing Unit <fix_accum_reg_last_1>.
    Related source file is D:/work/pci_fpga/pgfpga/project/../pg_module.vhd.
    Found 64-bit adder for signal <$n0002> created at line 3200.
    Found 63-bit adder for signal <$n0003> created at line 3200.
    Found 64-bit subtractor for signal <$n0004> created at line 3202.
    Found 64-bit subtractor for signal <$n0006> created at line 3202.
    Found 64-bit register for signal <reg_vmp0>.
    Found 1-bit register for signal <run1>.
    Found 128 1-bit 2-to-1 multiplexers.
    Summary:
	inferred  65 D-type flip-flop(s).
	inferred   4 Adder/Subtracter(s).
	inferred 128 Multiplexer(s).
Unit <fix_accum_reg_last_1> synthesized.


Synthesizing Unit <unreg_shift_ltof_9_7_56>.
    Related source file is D:/work/pci_fpga/pgfpga/project/../pg_module.vhd.
WARNING:Xst:647 - Input <control<6>> is never used.
WARNING:Xst:646 - Signal <c5<4:0>> is assigned but never used.
WARNING:Xst:1780 - Signal <o0> is never used or assigned.
WARNING:Xst:646 - Signal <o6<71:64>> is assigned but never used.
WARNING:Xst:646 - Signal <o6<7:0>> is assigned but never used.
WARNING:Xst:1780 - Signal <o6d> is never used or assigned.
    Found 10-bit shifter logical left for signal <o1>.
    Found 164 1-bit 2-to-1 multiplexers.
    Summary:
	inferred 164 Multiplexer(s).
	inferred   1 Combinational logic shifter(s).
Unit <unreg_shift_ltof_9_7_56> synthesized.


Synthesizing Unit <bram_rom_8f28_8_8_1>.
    Related source file is D:/work/pci_fpga/pgfpga/project/../pg_module.vhd.
    Found 256x8-bit ROM for signal <$n0001> created at line 3056.
    Found 8-bit register for signal <outdata>.
    Summary:
	inferred   1 ROM(s).
	inferred   8 D-type flip-flop(s).
Unit <bram_rom_8f28_8_8_1> synthesized.


Synthesizing Unit <pg_adder_RCA_SUB_16_1>.
    Related source file is D:/work/pci_fpga/pgfpga/project/../pg_module.vhd.
    Found 16-bit register for signal <z>.
    Found 16-bit subtractor for signal <sum>.
    Summary:
	inferred  16 D-type flip-flop(s).
	inferred   1 Adder/Subtracter(s).
Unit <pg_adder_RCA_SUB_16_1> synthesized.


Synthesizing Unit <pg_adder_RCA_SUB_15_1>.
    Related source file is D:/work/pci_fpga/pgfpga/project/../pg_module.vhd.
    Found 15-bit register for signal <z>.
    Found 15-bit subtractor for signal <sum>.
    Summary:
	inferred  15 D-type flip-flop(s).
	inferred   1 Adder/Subtracter(s).
Unit <pg_adder_RCA_SUB_15_1> synthesized.


Synthesizing Unit <pg_adder_RCA_ADD_15_1>.
    Related source file is D:/work/pci_fpga/pgfpga/project/../pg_module.vhd.
    Found 15-bit register for signal <z>.
    Found 15-bit adder for signal <sum>.
    Summary:
	inferred  15 D-type flip-flop(s).
	inferred   1 Adder/Subtracter(s).
Unit <pg_adder_RCA_ADD_15_1> synthesized.


Synthesizing Unit <pg_lcell35>.
    Related source file is D:/work/pci_fpga/pgfpga/project/../pg_module.vhd.
WARNING:Xst:647 - Input <clk> is never used.
Unit <pg_lcell35> synthesized.


Synthesizing Unit <pg_lcell34>.
    Related source file is D:/work/pci_fpga/pgfpga/project/../pg_module.vhd.
WARNING:Xst:647 - Input <clk> is never used.
Unit <pg_lcell34> synthesized.


Synthesizing Unit <pg_lcell33>.
    Related source file is D:/work/pci_fpga/pgfpga/project/../pg_module.vhd.
WARNING:Xst:647 - Input <clk> is never used.
Unit <pg_lcell33> synthesized.


Synthesizing Unit <pg_lcell32>.
    Related source file is D:/work/pci_fpga/pgfpga/project/../pg_module.vhd.
WARNING:Xst:647 - Input <clk> is never used.
Unit <pg_lcell32> synthesized.


Synthesizing Unit <pg_lcell31>.
    Related source file is D:/work/pci_fpga/pgfpga/project/../pg_module.vhd.
WARNING:Xst:647 - Input <clk> is never used.
Unit <pg_lcell31> synthesized.


Synthesizing Unit <pg_lcell30>.
    Related source file is D:/work/pci_fpga/pgfpga/project/../pg_module.vhd.
WARNING:Xst:647 - Input <clk> is never used.
Unit <pg_lcell30> synthesized.


Synthesizing Unit <pg_lcell29>.
    Related source file is D:/work/pci_fpga/pgfpga/project/../pg_module.vhd.
WARNING:Xst:647 - Input <clk> is never used.
Unit <pg_lcell29> synthesized.


Synthesizing Unit <pg_lcell28>.
    Related source file is D:/work/pci_fpga/pgfpga/project/../pg_module.vhd.
WARNING:Xst:647 - Input <clk> is never used.
Unit <pg_lcell28> synthesized.


Synthesizing Unit <pg_lcell27>.
    Related source file is D:/work/pci_fpga/pgfpga/project/../pg_module.vhd.
WARNING:Xst:647 - Input <clk> is never used.
Unit <pg_lcell27> synthesized.


Synthesizing Unit <pg_lcell26>.
    Related source file is D:/work/pci_fpga/pgfpga/project/../pg_module.vhd.
WARNING:Xst:647 - Input <clk> is never used.
Unit <pg_lcell26> synthesized.


Synthesizing Unit <pg_lcell25>.
    Related source file is D:/work/pci_fpga/pgfpga/project/../pg_module.vhd.
WARNING:Xst:647 - Input <clk> is never used.
Unit <pg_lcell25> synthesized.


Synthesizing Unit <pg_lcell24>.
    Related source file is D:/work/pci_fpga/pgfpga/project/../pg_module.vhd.
WARNING:Xst:647 - Input <clk> is never used.
Unit <pg_lcell24> synthesized.


Synthesizing Unit <pg_lcell23>.
    Related source file is D:/work/pci_fpga/pgfpga/project/../pg_module.vhd.
WARNING:Xst:647 - Input <clk> is never used.
Unit <pg_lcell23> synthesized.


Synthesizing Unit <pg_lcell22>.
    Related source file is D:/work/pci_fpga/pgfpga/project/../pg_module.vhd.
WARNING:Xst:647 - Input <clk> is never used.
Unit <pg_lcell22> synthesized.


Synthesizing Unit <pg_lcell21>.
    Related source file is D:/work/pci_fpga/pgfpga/project/../pg_module.vhd.
WARNING:Xst:647 - Input <clk> is never used.
Unit <pg_lcell21> synthesized.


Synthesizing Unit <pg_lcell20>.
    Related source file is D:/work/pci_fpga/pgfpga/project/../pg_module.vhd.
WARNING:Xst:647 - Input <clk> is never used.
Unit <pg_lcell20> synthesized.


Synthesizing Unit <pg_lcell19>.
    Related source file is D:/work/pci_fpga/pgfpga/project/../pg_module.vhd.
WARNING:Xst:647 - Input <clk> is never used.
Unit <pg_lcell19> synthesized.


Synthesizing Unit <pg_lcell18>.
    Related source file is D:/work/pci_fpga/pgfpga/project/../pg_module.vhd.
WARNING:Xst:647 - Input <clk> is never used.
Unit <pg_lcell18> synthesized.


Synthesizing Unit <pg_lcell17>.
    Related source file is D:/work/pci_fpga/pgfpga/project/../pg_module.vhd.
WARNING:Xst:647 - Input <clk> is never used.
Unit <pg_lcell17> synthesized.


Synthesizing Unit <pg_lcell16>.
    Related source file is D:/work/pci_fpga/pgfpga/project/../pg_module.vhd.
WARNING:Xst:647 - Input <clk> is never used.
Unit <pg_lcell16> synthesized.


Synthesizing Unit <pg_lcell15>.
    Related source file is D:/work/pci_fpga/pgfpga/project/../pg_module.vhd.
WARNING:Xst:647 - Input <clk> is never used.
Unit <pg_lcell15> synthesized.


Synthesizing Unit <pg_lcell14>.
    Related source file is D:/work/pci_fpga/pgfpga/project/../pg_module.vhd.
WARNING:Xst:647 - Input <clk> is never used.
Unit <pg_lcell14> synthesized.


Synthesizing Unit <pg_lcell13>.
    Related source file is D:/work/pci_fpga/pgfpga/project/../pg_module.vhd.
WARNING:Xst:647 - Input <clk> is never used.
Unit <pg_lcell13> synthesized.


Synthesizing Unit <pg_lcell12>.
    Related source file is D:/work/pci_fpga/pgfpga/project/../pg_module.vhd.
WARNING:Xst:647 - Input <clk> is never used.
Unit <pg_lcell12> synthesized.


Synthesizing Unit <pg_lcell11>.
    Related source file is D:/work/pci_fpga/pgfpga/project/../pg_module.vhd.
WARNING:Xst:647 - Input <clk> is never used.
Unit <pg_lcell11> synthesized.


Synthesizing Unit <pg_lcell10>.
    Related source file is D:/work/pci_fpga/pgfpga/project/../pg_module.vhd.
WARNING:Xst:647 - Input <clk> is never used.
Unit <pg_lcell10> synthesized.


Synthesizing Unit <pg_lcell9>.
    Related source file is D:/work/pci_fpga/pgfpga/project/../pg_module.vhd.
WARNING:Xst:647 - Input <clk> is never used.
Unit <pg_lcell9> synthesized.


Synthesizing Unit <pg_lcell8>.
    Related source file is D:/work/pci_fpga/pgfpga/project/../pg_module.vhd.
WARNING:Xst:647 - Input <clk> is never used.
Unit <pg_lcell8> synthesized.


Synthesizing Unit <pg_lcell7>.
    Related source file is D:/work/pci_fpga/pgfpga/project/../pg_module.vhd.
WARNING:Xst:647 - Input <clk> is never used.
Unit <pg_lcell7> synthesized.


Synthesizing Unit <pg_lcell6>.
    Related source file is D:/work/pci_fpga/pgfpga/project/../pg_module.vhd.
WARNING:Xst:647 - Input <clk> is never used.
Unit <pg_lcell6> synthesized.


Synthesizing Unit <pg_lcell5>.
    Related source file is D:/work/pci_fpga/pgfpga/project/../pg_module.vhd.
WARNING:Xst:647 - Input <clk> is never used.
Unit <pg_lcell5> synthesized.


Synthesizing Unit <pg_lcell4>.
    Related source file is D:/work/pci_fpga/pgfpga/project/../pg_module.vhd.
WARNING:Xst:647 - Input <clk> is never used.
Unit <pg_lcell4> synthesized.


Synthesizing Unit <pg_lcell3>.
    Related source file is D:/work/pci_fpga/pgfpga/project/../pg_module.vhd.
WARNING:Xst:647 - Input <clk> is never used.
Unit <pg_lcell3> synthesized.


Synthesizing Unit <pg_lcell2>.
    Related source file is D:/work/pci_fpga/pgfpga/project/../pg_module.vhd.
WARNING:Xst:647 - Input <clk> is never used.
Unit <pg_lcell2> synthesized.


Synthesizing Unit <pg_lcell1>.
    Related source file is D:/work/pci_fpga/pgfpga/project/../pg_module.vhd.
WARNING:Xst:647 - Input <clk> is never used.
Unit <pg_lcell1> synthesized.


Synthesizing Unit <pg_lcell>.
    Related source file is D:/work/pci_fpga/pgfpga/project/../pg_module.vhd.
WARNING:Xst:647 - Input <clk> is never used.
Unit <pg_lcell> synthesized.


Synthesizing Unit <pg_adder_RCA_ADD_16_0>.
    Related source file is D:/work/pci_fpga/pgfpga/project/../pg_module.vhd.
WARNING:Xst:647 - Input <clk> is never used.
    Found 16-bit adder for signal <sum>.
    Summary:
	inferred   1 Adder/Subtracter(s).
Unit <pg_adder_RCA_ADD_16_0> synthesized.


Synthesizing Unit <pg_adder_RCA_SUB_11_0>.
    Related source file is D:/work/pci_fpga/pgfpga/project/../pg_module.vhd.
WARNING:Xst:647 - Input <clk> is never used.
    Found 11-bit subtractor for signal <sum>.
    Summary:
	inferred   1 Adder/Subtracter(s).
Unit <pg_adder_RCA_SUB_11_0> synthesized.


Synthesizing Unit <pg_umult_6_9_0>.
    Related source file is D:/work/pci_fpga/pgfpga/project/../pg_module.vhd.
WARNING:Xst:647 - Input <clk> is never used.
    Found 9x6-bit multiplier for signal <s>.
    Summary:
	inferred   1 Multiplier(s).
Unit <pg_umult_6_9_0> synthesized.


Synthesizing Unit <lcell_rom_a906_6_9_1>.
    Related source file is D:/work/pci_fpga/pgfpga/project/../pg_module.vhd.
WARNING:Xst:1780 - Signal <adr1<3:0>> is never used or assigned.
WARNING:Xst:1780 - Signal <adr2<4:0>> is never used or assigned.
    Found 1-bit register for signal <adr2<5>>.
    Found 9-bit register for signal <lc_5_0>.
    Found 9-bit register for signal <lc_5_1>.
    Found 27 1-bit 2-to-1 multiplexers.
    Summary:
	inferred  19 D-type flip-flop(s).
	inferred  27 Multiplexer(s).
Unit <lcell_rom_a906_6_9_1> synthesized.


Synthesizing Unit <lcell_rom_a106_6_10_1>.
    Related source file is D:/work/pci_fpga/pgfpga/project/../pg_module.vhd.
WARNING:Xst:1780 - Signal <adr1<3:0>> is never used or assigned.
WARNING:Xst:1780 - Signal <adr2<4:0>> is never used or assigned.
    Found 1-bit register for signal <adr2<5>>.
    Found 10-bit register for signal <lc_5_0>.
    Found 10-bit register for signal <lc_5_1>.
    Found 30 1-bit 2-to-1 multiplexers.
    Summary:
	inferred  21 D-type flip-flop(s).
	inferred  30 Multiplexer(s).
Unit <lcell_rom_a106_6_10_1> synthesized.


Synthesizing Unit <pg_adder_RCA_SUB_16_0>.
    Related source file is D:/work/pci_fpga/pgfpga/project/../pg_module.vhd.
WARNING:Xst:647 - Input <clk> is never used.
    Found 16-bit subtractor for signal <sum>.
    Summary:
	inferred   1 Adder/Subtracter(s).
Unit <pg_adder_RCA_SUB_16_0> synthesized.


Synthesizing Unit <pg_adder_RCA_SUB_17_0>.
    Related source file is D:/work/pci_fpga/pgfpga/project/../pg_module.vhd.
WARNING:Xst:647 - Input <clk> is never used.
    Found 17-bit subtractor for signal <sum>.
    Summary:
	inferred   1 Adder/Subtracter(s).
Unit <pg_adder_RCA_SUB_17_0> synthesized.


Synthesizing Unit <unreg_add_sub0>.
    Related source file is D:/work/pci_fpga/pgfpga/project/../pg_module.vhd.
    Found 5-bit adder for signal <result>.
    Summary:
	inferred   1 Adder/Subtracter(s).
Unit <unreg_add_sub0> synthesized.


Synthesizing Unit <bram_rom_8408_10_8_1>.
    Related source file is D:/work/pci_fpga/pgfpga/project/../pg_module.vhd.
    Found 1024x8-bit ROM for signal <$n0001> created at line 1419.
    Found 8-bit register for signal <outdata>.
    Summary:
	inferred   1 ROM(s).
	inferred   8 D-type flip-flop(s).
Unit <bram_rom_8408_10_8_1> synthesized.


Synthesizing Unit <unreg_shift_ftol_30_10>.
    Related source file is D:/work/pci_fpga/pgfpga/project/../pg_module.vhd.
    Found 10-bit 16-to-1 multiplexer for signal <c0xxxx>.
    Found 10-bit 16-to-1 multiplexer for signal <c1xxxx>.
    Found 10 1-bit 2-to-1 multiplexers.
    Summary:
	inferred  30 Multiplexer(s).
Unit <unreg_shift_ftol_30_10> synthesized.


Synthesizing Unit <penc_31_5>.
    Related source file is D:/work/pci_fpga/pgfpga/project/../pg_module.vhd.
WARNING:Xst:647 - Input <a<0>> is never used.
Unit <penc_31_5> synthesized.


Synthesizing Unit <unreg_add_sub>.
    Related source file is D:/work/pci_fpga/pgfpga/project/../pg_module.vhd.
    Found 31-bit adder for signal <result>.
    Summary:
	inferred   1 Adder/Subtracter(s).
Unit <unreg_add_sub> synthesized.


Synthesizing Unit <pg_adder_RCA_SUB_32_1>.
    Related source file is D:/work/pci_fpga/pgfpga/project/../pg_module.vhd.
    Found 32-bit register for signal <z>.
    Found 32-bit subtractor for signal <sum>.
    Summary:
	inferred  32 D-type flip-flop(s).
	inferred   1 Adder/Subtracter(s).
Unit <pg_adder_RCA_SUB_32_1> synthesized.


Synthesizing Unit <pg_fix_accum_57_64_1>.
    Related source file is D:/work/pci_fpga/pgfpga/project/../pg_module.vhd.
WARNING:Xst:646 - Signal <rsig<1>> is assigned but never used.
WARNING:Xst:646 - Signal <carry<0>> is assigned but never used.
Unit <pg_fix_accum_57_64_1> synthesized.


Synthesizing Unit <pg_conv_ltof_17_8_57_2>.
    Related source file is D:/work/pci_fpga/pgfpga/project/../pg_module.vhd.
    Found 57-bit register for signal <fixdata>.
    Found 7-bit register for signal <exp1>.
    Found 1-bit register for signal <nz1>.
    Found 1-bit register for signal <sign1>.
    Summary:
	inferred  66 D-type flip-flop(s).
Unit <pg_conv_ltof_17_8_57_2> synthesized.


Synthesizing Unit <pg_log_sdiv_17_1>.
    Related source file is D:/work/pci_fpga/pgfpga/project/../pg_module.vhd.
    Found 2-bit register for signal <z<16:15>>.
    Found 1-bit xor2 for signal <$n0000> created at line 2561.
    Summary:
	inferred   2 D-type flip-flop(s).
Unit <pg_log_sdiv_17_1> synthesized.


Synthesizing Unit <pg_log_div_17_1>.
    Related source file is D:/work/pci_fpga/pgfpga/project/../pg_module.vhd.
    Found 2-bit register for signal <z<16:15>>.
    Found 1-bit xor2 for signal <$n0000> created at line 2498.
    Summary:
	inferred   2 D-type flip-flop(s).
Unit <pg_log_div_17_1> synthesized.


Synthesizing Unit <pg_pdelay_7>.
    Related source file is D:/work/pci_fpga/pgfpga/project/../pg_module.vhd.
    Found 7-bit shift register for signal <x7>.
    Summary:
	inferred  17 Shift register(s).
Unit <pg_pdelay_7> synthesized.


Synthesizing Unit <pg_log_mul_17_1>.
    Related source file is D:/work/pci_fpga/pgfpga/project/../pg_module.vhd.
    Found 2-bit register for signal <z<16:15>>.
    Found 1-bit xor2 for signal <$n0000> created at line 2394.
    Summary:
	inferred   2 D-type flip-flop(s).
Unit <pg_log_mul_17_1> synthesized.


Synthesizing Unit <pg_log_shift_m1>.
    Related source file is D:/work/pci_fpga/pgfpga/project/../pg_module.vhd.
WARNING:Xst:647 - Input <clk> is never used.
WARNING:Xst:647 - Input <x<16>> is never used.
WARNING:Xst:647 - Input <x<0>> is never used.
Unit <pg_log_shift_m1> synthesized.


Synthesizing Unit <pg_log_unsigned_add_itp_17_8_6_2>.
    Related source file is D:/work/pci_fpga/pgfpga/project/../pg_module.vhd.
WARNING:Xst:646 - Signal <itp_subz<1:0>> is assigned but never used.
WARNING:Xst:646 - Signal <itp_c1dx<7:0>> is assigned but never used.
    Found 17-bit register for signal <z>.
    Found 1-bit register for signal <d_isz1>.
    Found 1-bit register for signal <df1>.
    Found 6-bit register for signal <itp_dx1>.
    Found 1-bit register for signal <sign3>.
    Found 16-bit register for signal <x4>.
    Found 33 1-bit 2-to-1 multiplexers.
    Summary:
	inferred  42 D-type flip-flop(s).
	inferred  33 Multiplexer(s).
Unit <pg_log_unsigned_add_itp_17_8_6_2> synthesized.


Synthesizing Unit <pg_pdelay_2>.
    Related source file is D:/work/pci_fpga/pgfpga/project/../pg_module.vhd.
    Found 17-bit register for signal <x1>.
    Found 17-bit register for signal <x2>.
    Summary:
	inferred  34 D-type flip-flop(s).
Unit <pg_pdelay_2> synthesized.


Synthesizing Unit <pg_log_shift_1>.
    Related source file is D:/work/pci_fpga/pgfpga/project/../pg_module.vhd.
WARNING:Xst:647 - Input <clk> is never used.
WARNING:Xst:647 - Input <x<16>> is never used.
WARNING:Xst:647 - Input <x<14>> is never used.
Unit <pg_log_shift_1> synthesized.


Synthesizing Unit <pg_pdelay_6>.
    Related source file is D:/work/pci_fpga/pgfpga/project/../pg_module.vhd.
    Found 6-bit shift register for signal <x6>.
    Summary:
	inferred  17 Shift register(s).
Unit <pg_pdelay_6> synthesized.


Synthesizing Unit <pg_conv_ftol_32_17_8_1>.
    Related source file is D:/work/pci_fpga/pgfpga/project/../pg_module.vhd.
WARNING:Xst:1780 - Signal <sign0r> is never used or assigned.
WARNING:Xst:1780 - Signal <sign> is never used or assigned.
    Found 2-bit register for signal <logdata<16:15>>.
    Found 5-bit register for signal <logdata<12:8>>.
    Found 31 1-bit 2-to-1 multiplexers.
    Summary:
	inferred   7 D-type flip-flop(s).
	inferred  31 Multiplexer(s).
Unit <pg_conv_ftol_32_17_8_1> synthesized.


Synthesizing Unit <pg_fix_sub_32_1>.
    Related source file is D:/work/pci_fpga/pgfpga/project/../pg_module.vhd.
Unit <pg_fix_sub_32_1> synthesized.


Synthesizing Unit <pipe>.
    Related source file is D:/work/pci_fpga/pgfpga/project/../pg_pipe.vhd.
WARNING:Xst:647 - Input <p_adrovp> is never used.
WARNING:Xst:647 - Input <rst> is never used.
WARNING:Xst:647 - Input <p_adrivp> is never used.
    Found 32-bit register for signal <p_datao>.
    Found 4-bit shift register for signal <p_runret>.
    Found 17-bit register for signal <ieps2>.
    Found 12-bit shift register for signal <run<11>>.
    Found 32-bit register for signal <xi>.
    Found 32-bit register for signal <yi>.
    Found 32-bit register for signal <zi>.
    Found 130 1-bit 2-to-1 multiplexers.
    Summary:
	inferred 145 D-type flip-flop(s).
	inferred 130 Multiplexer(s).
	inferred   2 Shift register(s).
Unit <pipe> synthesized.


Synthesizing Unit <jmem>.
    Related source file is D:/work/pci_fpga/pgfpga/project/../jmem.vhd.
WARNING:Xst:647 - Input <rst> is never used.
WARNING:Xst:647 - Input <radr<16>> is never used.
WARNING:Xst:647 - Input <radr<1:0>> is never used.
WARNING:Xst:647 - Input <wadr<16>> is never used.
Unit <jmem> synthesized.


Synthesizing Unit <setn>.
    Related source file is D:/work/pci_fpga/pgfpga/project/../setn.vhd.
    Found 32-bit register for signal <nreg>.
    Summary:
	inferred  32 D-type flip-flop(s).
Unit <setn> synthesized.


Synthesizing Unit <pipe_sts>.
    Related source file is D:/work/pci_fpga/pgfpga/project/../pipe_sts.vhd.
WARNING:Xst:1780 - Signal <cntr> is never used or assigned.
WARNING:Xst:1780 - Signal <sts> is never used or assigned.
WARNING:Xst:1780 - Signal <sts_reg> is never used or assigned.
    Register <status<6>> equivalent to <status<7>> has been removed
    Register <status<5>> equivalent to <status<7>> has been removed
    Register <status<4>> equivalent to <status<7>> has been removed
    Register <status<3>> equivalent to <status<7>> has been removed
    Register <status<2>> equivalent to <status<7>> has been removed
    Register <status<1>> equivalent to <status<7>> has been removed
    Register <status<0>> equivalent to <status<7>> has been removed
    Found 1-bit register for signal <status<7>>.
    Found 1-bit register for signal <rund>.
    Summary:
	inferred   2 D-type flip-flop(s).
Unit <pipe_sts> synthesized.


Synthesizing Unit <calc>.
    Related source file is D:/work/pci_fpga/pgfpga/project/../calc.vhd.
WARNING:Xst:647 - Input <n<31:18>> is never used.
WARNING:Xst:1780 - Signal <comp_rtn> is never used or assigned.
WARNING:Xst:1780 - Signal <adr_cnt> is never used or assigned.
WARNING:Xst:1780 - Signal <comp_adr> is never used or assigned.
    Found 1-bit register for signal <run>.
    Found 18-bit down counter for signal <mema_dc>.
    Found 1-bit register for signal <start_r>.
    Summary:
	inferred   1 Counter(s).
	inferred   2 D-type flip-flop(s).
Unit <calc> synthesized.


Synthesizing Unit <pg_pipe>.
    Related source file is D:/work/pci_fpga/pgfpga/project/../pg_pipe.vhd.
WARNING:Xst:646 - Signal <runret<2:1>> is assigned but never used.
    Found 32 1-bit 2-to-1 multiplexers.
    Summary:
	inferred  32 Multiplexer(s).
Unit <pg_pipe> synthesized.


Synthesizing Unit <adr_dec>.
    Related source file is D:/work/pci_fpga/pgfpga/project/../adr_dec.vhd.
WARNING:Xst:647 - Input <clk> is never used.
WARNING:Xst:647 - Input <adr<31:19>> is never used.
WARNING:Xst:647 - Input <adr<15:0>> is never used.
Unit <adr_dec> synthesized.


Synthesizing Unit <CLK_MULDIV>.
    Related source file is D:/work/pci_fpga/pgfpga/project/../ddr_top.vhd.
Unit <CLK_MULDIV> synthesized.


Synthesizing Unit <ddr_top>.
    Related source file is D:/work/pci_fpga/pgfpga/project/../ddr_top.vhd.
WARNING:Xst:646 - Signal <rLED> is assigned but never used.
WARNING:Xst:646 - Signal <jmem_adr<31:17>> is assigned but never used.
WARNING:Xst:646 - Signal <is_fo> is assigned but never used.
    Found 32-bit tristate buffer for signal <ODBUS>.
    Found 3-bit adder for signal <$n0026> created at line 401.
    Found 32-bit register for signal <adr>.
    Found 32-bit register for signal <idata>.
    Found 32-bit register for signal <Mtridata_ODBUS> created at line 415.
    Found 1-bit register for signal <Mtrien_ODBUS> created at line 415.
    Found 32-bit register for signal <odata_ipw>.
    Found 32-bit 4-to-1 multiplexer for signal <odata_jmem>.
    Found 3-bit register for signal <state>.
    Found 1-bit register for signal <we>.
    Found 32 1-bit 2-to-1 multiplexers.
    Summary:
	inferred 130 D-type flip-flop(s).
	inferred   1 Adder/Subtracter(s).
	inferred  64 Multiplexer(s).
	inferred  32 Tristate(s).
Unit <ddr_top> synthesized.


=========================================================================
*                       Advanced HDL Synthesis                          *
=========================================================================

Advanced RAM inference ...
INFO:Xst:1647 - Data output of ROM <Mrom__n0001> in block <bram_rom_8408_10_8_1> is tied to register <outdata> in block <bram_rom_8408_10_8_1>.
INFO:Xst:1650 - The register is removed and the ROM is implemented as read-only block RAM.
INFO:Xst:1647 - Data output of ROM <Mrom__n0001> in block <bram_rom_8f28_8_8_1> is tied to register <outdata> in block <bram_rom_8f28_8_8_1>.
INFO:Xst:1650 - The register is removed and the ROM is implemented as read-only block RAM.
Advanced multiplier inference ...
Advanced Registered AddSub inference ...
Dynamic shift register inference ...

=========================================================================
HDL Synthesis Report

Macro Statistics
# Block RAMs                       : 18
 1024x8-bit single-port block RAM  : 9
 256x8-bit single-port block RAM   : 9
# Multipliers                      : 9
 9x6-bit multiplier                : 9
# Adders/Subtractors               : 124
 32-bit subtractor                 : 9
 31-bit adder                      : 9
 5-bit adder                       : 9
 17-bit subtractor                 : 9
 11-bit subtractor                 : 9
 16-bit adder                      : 9
 15-bit adder                      : 12
 15-bit subtractor                 : 3
 16-bit subtractor                 : 18
 64-bit subtractor                 : 18
 63-bit adder                      : 9
 64-bit adder                      : 9
 3-bit adder                       : 1
# Counters                         : 1
 18-bit down counter               : 1
# Registers                        : 987
 1-bit register                    : 855
 32-bit register                   : 26
 17-bit register                   : 9
 6-bit register                    : 9
 7-bit register                    : 9
 10-bit register                   : 18
 9-bit register                    : 18
 15-bit register                   : 15
 16-bit register                   : 18
 64-bit register                   : 9
 3-bit register                    : 1
# Shift Registers                  : 210
 4-bit shift register              : 3
 12-bit shift register             : 3
 6-bit shift register              : 153
 7-bit shift register              : 51
# Multiplexers                     : 198
 32-bit 4-to-1 multiplexer         : 1
 32-bit 2-to-1 multiplexer         : 11
 17-bit 2-to-1 multiplexer         : 6
 31-bit 2-to-1 multiplexer         : 9
 16-bit 2-to-1 multiplexer         : 27
 1-bit 2-to-1 multiplexer          : 9
 10-bit 16-to-1 multiplexer        : 18
 10-bit 2-to-1 multiplexer         : 36
 9-bit 2-to-1 multiplexer          : 27
 72-bit 2-to-1 multiplexer         : 9
 40-bit 2-to-1 multiplexer         : 9
 24-bit 2-to-1 multiplexer         : 9
 12-bit 2-to-1 multiplexer         : 9
 64-bit 2-to-1 multiplexer         : 18
# Logic shifters                   : 9
 10-bit shifter logical left       : 9
# Tristates                        : 1
 32-bit tristate buffer            : 1
# Xors                             : 24
 1-bit xor2                        : 24

=========================================================================

=========================================================================
*                         Low Level Synthesis                           *
=========================================================================
WARNING:Xst:1291 - FF/Latch <z_14> is unconnected in block <u1>.
WARNING:Xst:1291 - FF/Latch <z_14> is unconnected in block <u1>.
WARNING:Xst:1291 - FF/Latch <z_14> is unconnected in block <u1>.
WARNING:Xst:1291 - FF/Latch <exp1_6> is unconnected in block <u26>.
WARNING:Xst:1291 - FF/Latch <exp1_6> is unconnected in block <u27>.
WARNING:Xst:1291 - FF/Latch <exp1_6> is unconnected in block <u28>.
WARNING:Xst:1291 - FF/Latch <z_14> is unconnected in block <u1>.
WARNING:Xst:1291 - FF/Latch <z_14> is unconnected in block <u1>.
WARNING:Xst:1291 - FF/Latch <z_14> is unconnected in block <u1>.
WARNING:Xst:1291 - FF/Latch <exp1_6> is unconnected in block <u26>.
WARNING:Xst:1291 - FF/Latch <exp1_6> is unconnected in block <u27>.
WARNING:Xst:1291 - FF/Latch <exp1_6> is unconnected in block <u28>.
WARNING:Xst:1291 - FF/Latch <z_14> is unconnected in block <u1>.
WARNING:Xst:1291 - FF/Latch <z_14> is unconnected in block <u1>.
WARNING:Xst:1291 - FF/Latch <z_14> is unconnected in block <u1>.
WARNING:Xst:1291 - FF/Latch <exp1_6> is unconnected in block <u26>.
WARNING:Xst:1291 - FF/Latch <exp1_6> is unconnected in block <u27>.
WARNING:Xst:1291 - FF/Latch <exp1_6> is unconnected in block <u28>.
WARNING:Xst:1291 - FF/Latch <exp1_6> is unconnected in block <pg_conv_ltof_17_8_57_2>.
WARNING:Xst:1710 - FF/Latch  <lc_5_1_9> (without init value) is constant in block <lcell_rom_a106_6_10_1>.
WARNING:Xst:1895 - Due to other FF/Latch trimming, FF/Latch  <lc_5_1_3> (without init value) is constant in block <lcell_rom_a106_6_10_1>.
WARNING:Xst:1895 - Due to other FF/Latch trimming, FF/Latch  <lc_5_1_4> (without init value) is constant in block <lcell_rom_a106_6_10_1>.
WARNING:Xst:1895 - Due to other FF/Latch trimming, FF/Latch  <lc_5_1_5> (without init value) is constant in block <lcell_rom_a106_6_10_1>.
WARNING:Xst:1895 - Due to other FF/Latch trimming, FF/Latch  <lc_5_1_6> (without init value) is constant in block <lcell_rom_a106_6_10_1>.
WARNING:Xst:1895 - Due to other FF/Latch trimming, FF/Latch  <lc_5_1_7> (without init value) is constant in block <lcell_rom_a106_6_10_1>.
WARNING:Xst:1895 - Due to other FF/Latch trimming, FF/Latch  <lc_5_1_8> (without init value) is constant in block <lcell_rom_a106_6_10_1>.
WARNING:Xst:1710 - FF/Latch  <lc_5_1_8> (without init value) is constant in block <lcell_rom_a906_6_9_1>.
WARNING:Xst:1895 - Due to other FF/Latch trimming, FF/Latch  <lc_5_1_3> (without init value) is constant in block <lcell_rom_a906_6_9_1>.
WARNING:Xst:1895 - Due to other FF/Latch trimming, FF/Latch  <lc_5_1_4> (without init value) is constant in block <lcell_rom_a906_6_9_1>.
WARNING:Xst:1895 - Due to other FF/Latch trimming, FF/Latch  <lc_5_1_5> (without init value) is constant in block <lcell_rom_a906_6_9_1>.
WARNING:Xst:1895 - Due to other FF/Latch trimming, FF/Latch  <lc_5_1_6> (without init value) is constant in block <lcell_rom_a906_6_9_1>.
WARNING:Xst:1895 - Due to other FF/Latch trimming, FF/Latch  <lc_5_1_7> (without init value) is constant in block <lcell_rom_a906_6_9_1>.

Optimizing unit <ddr_top> ...

Optimizing unit <adr_dec> ...

Optimizing unit <penc_31_5> ...

Optimizing unit <calc> ...

Optimizing unit <setn> ...

Optimizing unit <pg_pdelay_2> ...

Optimizing unit <pg_adder_RCA_SUB_32_1> ...

Optimizing unit <fix_accum_reg_last_1> ...

Optimizing unit <dpram> ...

Optimizing unit <jmem> ...

Optimizing unit <pg_conv_ftol_32_17_8_1> ...

Optimizing unit <pg_log_sdiv_17_1> ...

Optimizing unit <pg_conv_ltof_17_8_57_2> ...

Optimizing unit <lcell_rom_a106_6_10_1> ...

Optimizing unit <lcell_rom_a906_6_9_1> ...

Optimizing unit <pg_log_unsigned_add_itp_17_8_6_2> ...

Optimizing unit <pipe> ...

Optimizing unit <pg_pipe> ...
Loading device for application Xst from file '2vp70.nph' in environment C:/Xilinx.

Mapping all equations...
WARNING:Xst:1710 - FF/Latch  <unit1_upipe1_u13_sign3> (without init value) is constant in block <ddr_top>.
WARNING:Xst:1710 - FF/Latch  <unit1_upipe1_u13_itp_dx1_0> (without init value) is constant in block <ddr_top>.
WARNING:Xst:1710 - FF/Latch  <unit1_upipe1_u13_x4_14> (without init value) is constant in block <ddr_top>.
WARNING:Xst:1710 - FF/Latch  <unit1_upipe1_u13_x4_0> (without init value) is constant in block <ddr_top>.
WARNING:Xst:1710 - FF/Latch  <unit1_upipe0_u13_sign3> (without init value) is constant in block <ddr_top>.
WARNING:Xst:1710 - FF/Latch  <unit1_upipe0_u13_itp_dx1_0> (without init value) is constant in block <ddr_top>.
WARNING:Xst:1710 - FF/Latch  <unit1_upipe0_u13_x4_14> (without init value) is constant in block <ddr_top>.
WARNING:Xst:1710 - FF/Latch  <unit1_upipe0_u13_x4_0> (without init value) is constant in block <ddr_top>.
WARNING:Xst:1710 - FF/Latch  <unit1_upipe2_u13_sign3> (without init value) is constant in block <ddr_top>.
WARNING:Xst:1710 - FF/Latch  <unit1_upipe2_u13_itp_dx1_0> (without init value) is constant in block <ddr_top>.
WARNING:Xst:1710 - FF/Latch  <unit1_upipe2_u13_x4_14> (without init value) is constant in block <ddr_top>.
WARNING:Xst:1710 - FF/Latch  <unit1_upipe2_u13_x4_0> (without init value) is constant in block <ddr_top>.
WARNING:Xst:1895 - Due to other FF/Latch trimming, FF/Latch  <unit1_upipe1_u13_z_16> (without init value) is constant in block <ddr_top>.
WARNING:Xst:1895 - Due to other FF/Latch trimming, FF/Latch  <unit1_upipe0_u13_z_16> (without init value) is constant in block <ddr_top>.
WARNING:Xst:1895 - Due to other FF/Latch trimming, FF/Latch  <unit1_upipe2_u13_z_16> (without init value) is constant in block <ddr_top>.
WARNING:Xst:1291 - FF/Latch <adr_31> is unconnected in block <ddr_top>.
WARNING:Xst:1291 - FF/Latch <adr_19> is unconnected in block <ddr_top>.
WARNING:Xst:1291 - FF/Latch <adr_20> is unconnected in block <ddr_top>.
WARNING:Xst:1291 - FF/Latch <adr_21> is unconnected in block <ddr_top>.
WARNING:Xst:1291 - FF/Latch <adr_22> is unconnected in block <ddr_top>.
WARNING:Xst:1291 - FF/Latch <adr_23> is unconnected in block <ddr_top>.
WARNING:Xst:1291 - FF/Latch <adr_24> is unconnected in block <ddr_top>.
WARNING:Xst:1291 - FF/Latch <adr_25> is unconnected in block <ddr_top>.
WARNING:Xst:1291 - FF/Latch <adr_26> is unconnected in block <ddr_top>.
WARNING:Xst:1291 - FF/Latch <adr_27> is unconnected in block <ddr_top>.
WARNING:Xst:1291 - FF/Latch <adr_28> is unconnected in block <ddr_top>.
WARNING:Xst:1291 - FF/Latch <adr_29> is unconnected in block <ddr_top>.
WARNING:Xst:1291 - FF/Latch <adr_30> is unconnected in block <ddr_top>.
WARNING:Xst:1291 - FF/Latch <unit1_upipe1_Mshreg_p_runret_53> is unconnected in block <ddr_top>.
WARNING:Xst:1291 - FF/Latch <unit1_upipe1_Mshreg_p_runret_srl_35> is unconnected in block <ddr_top>.
WARNING:Xst:1291 - FF/Latch <unit1_upipe1_u25_u1_z_14> is unconnected in block <ddr_top>.
WARNING:Xst:1291 - FF/Latch <unit1_upipe1_u24_u1_z_14> is unconnected in block <ddr_top>.
WARNING:Xst:1291 - FF/Latch <unit1_upipe1_u23_u1_z_14> is unconnected in block <ddr_top>.
WARNING:Xst:1291 - FF/Latch <unit1_upipe0_u25_u1_z_14> is unconnected in block <ddr_top>.
WARNING:Xst:1291 - FF/Latch <unit1_upipe0_u24_u1_z_14> is unconnected in block <ddr_top>.
WARNING:Xst:1291 - FF/Latch <unit1_upipe0_u23_u1_z_14> is unconnected in block <ddr_top>.
WARNING:Xst:1291 - FF/Latch <unit1_upipe2_Mshreg_p_runret_53> is unconnected in block <ddr_top>.
WARNING:Xst:1291 - FF/Latch <unit1_upipe2_Mshreg_p_runret_srl_35> is unconnected in block <ddr_top>.
WARNING:Xst:1291 - FF/Latch <unit1_upipe2_u25_u1_z_14> is unconnected in block <ddr_top>.
WARNING:Xst:1291 - FF/Latch <unit1_upipe2_u24_u1_z_14> is unconnected in block <ddr_top>.
WARNING:Xst:1291 - FF/Latch <unit1_upipe2_u23_u1_z_14> is unconnected in block <ddr_top>.
Building and optimizing final netlist ...
Register unit1_upipe1_u29_u0_run1 equivalent to unit1_upipe1_u31_u0_run1 has been removed
Register unit1_upipe1_u30_u0_run1 equivalent to unit1_upipe1_u31_u0_run1 has been removed
Register unit1_upipe2_u14_itp_c1_rom_adr2_5 equivalent to unit1_upipe2_u14_itp_c0_rom_adr2_5 has been removed
Register unit1_upipe1_u15_itp_c1_rom_adr2_5 equivalent to unit1_upipe1_u15_itp_c0_rom_adr2_5 has been removed
Register unit1_upipe1_u14_itp_c1_rom_adr2_5 equivalent to unit1_upipe1_u14_itp_c0_rom_adr2_5 has been removed
Register unit1_upipe1_u13_itp_c1_rom_adr2_5 equivalent to unit1_upipe1_u13_itp_c0_rom_adr2_5 has been removed
Register unit1_upipe0_u30_u0_run1 equivalent to unit1_upipe0_u31_u0_run1 has been removed
Register unit1_upipe0_u29_u0_run1 equivalent to unit1_upipe0_u31_u0_run1 has been removed
Register unit1_upipe2_u13_itp_c1_rom_adr2_5 equivalent to unit1_upipe2_u13_itp_c0_rom_adr2_5 has been removed
Register unit1_upipe0_u15_itp_c1_rom_adr2_5 equivalent to unit1_upipe0_u15_itp_c0_rom_adr2_5 has been removed
Register unit1_upipe0_u14_itp_c1_rom_adr2_5 equivalent to unit1_upipe0_u14_itp_c0_rom_adr2_5 has been removed
Register unit1_upipe0_u13_itp_c1_rom_adr2_5 equivalent to unit1_upipe0_u13_itp_c0_rom_adr2_5 has been removed
Register unit1_upipe2_u29_u0_run1 equivalent to unit1_upipe2_u31_u0_run1 has been removed
Register unit1_upipe2_u30_u0_run1 equivalent to unit1_upipe2_u31_u0_run1 has been removed
Register unit1_upipe2_u15_itp_c1_rom_adr2_5 equivalent to unit1_upipe2_u15_itp_c0_rom_adr2_5 has been removed
Found area constraint ratio of 100 (+ 5) on block ddr_top, actual ratio is 16.
FlipFlop unit1_upipe1_u2_u0_z_31 has been replicated 2 time(s)
FlipFlop unit1_upipe1_u1_u0_z_31 has been replicated 2 time(s)
FlipFlop unit1_upipe1_u0_u0_z_31 has been replicated 2 time(s)
FlipFlop unit1_upipe0_u2_u0_z_31 has been replicated 2 time(s)
FlipFlop unit1_upipe0_u1_u0_z_31 has been replicated 2 time(s)
FlipFlop unit1_upipe0_u0_u0_z_31 has been replicated 2 time(s)
FlipFlop unit1_upipe2_u2_u0_z_31 has been replicated 2 time(s)
FlipFlop unit1_upipe2_u1_u0_z_31 has been replicated 2 time(s)
FlipFlop unit1_upipe2_u0_u0_z_31 has been replicated 2 time(s)
FlipFlop adr_17 has been replicated 1 time(s)
FlipFlop adr_18 has been replicated 1 time(s)

=========================================================================
*                            Final Report                               *
=========================================================================
Final Results
RTL Top Level Output File Name     : ddr_top.ngr
Top Level Output File Name         : ddr_top
Output Format                      : NGC
Optimization Goal                  : Speed
Keep Hierarchy                     : NO

Design Statistics
# IOs                              : 101

Macro Statistics :
# RAM                              : 18
#      1024x8-bit single-port block RAM: 9
#      256x8-bit single-port block RAM: 9
# Registers                        : 989
#      1-bit register              : 858
#      10-bit register             : 18
#      15-bit register             : 15
#      16-bit register             : 18
#      17-bit register             : 9
#      32-bit register             : 26
#      6-bit register              : 9
#      64-bit register             : 9
#      7-bit register              : 9
#      9-bit register              : 18
# Counters                         : 1
#      18-bit down counter         : 1
# Shift Registers                  : 210
#      12-bit shift register       : 3
#      4-bit shift register        : 3
#      6-bit shift register        : 153
#      7-bit shift register        : 51
# Multiplexers                     : 198
#      10-bit 16-to-1 multiplexer  : 18
#      2-to-1 multiplexer          : 179
#      32-bit 4-to-1 multiplexer   : 1
# Tristates                        : 1
#      32-bit tristate buffer      : 1
# Logic shifters                   : 9
#      10-bit shifter logical left : 9
# Adders/Subtractors               : 123
#      11-bit subtractor           : 9
#      15-bit adder                : 12
#      15-bit subtractor           : 3
#      16-bit adder                : 9
#      16-bit subtractor           : 18
#      17-bit subtractor           : 9
#      31-bit adder                : 9
#      32-bit subtractor           : 9
#      5-bit adder                 : 9
#      63-bit adder                : 9
#      64-bit adder                : 9
#      64-bit subtractor           : 18
# Multipliers                      : 9
#      9x6-bit multiplier          : 9

Cell Usage :
# BELS                             : 16748
#      GND                         : 1
#      LUT1                        : 922
#      LUT1_L                      : 270
#      LUT2                        : 2321
#      LUT2_L                      : 135
#      LUT3                        : 1442
#      LUT3_D                      : 90
#      LUT3_L                      : 1188
#      LUT4                        : 2621
#      LUT4_D                      : 63
#      LUT4_L                      : 81
#      MUXCY                       : 3141
#      MUXF5                       : 782
#      MUXF6                       : 333
#      MUXF7                       : 180
#      VCC                         : 1
#      XORCY                       : 3177
# FlipFlops/Latches                : 3459
#      FD                          : 1730
#      FDCE                        : 1
#      FDE                         : 1291
#      FDR                         : 294
#      FDRS                        : 124
#      FDS                         : 19
# RAMS                             : 146
#      RAMB16_S18                  : 9
#      RAMB16_S1_S1                : 128
#      RAMB16_S36                  : 9
# Shifters                         : 208
#      SRL16E                      : 208
# Clock Buffers                    : 2
#      BUFG                        : 2
# IO Buffers                       : 101
#      IBUF                        : 44
#      IBUFG                       : 1
#      OBUF                        : 24
#      OBUFT                       : 32
# DCMs                             : 1
#      DCM                         : 1
# MULTs                            : 9
#      MULT18X18                   : 9
=========================================================================

Device utilization summary:
---------------------------

Selected Device : 2vp70ff1517-5 

 Number of Slices:                    5142  out of  33088    15%  
 Number of Slice Flip Flops:          3459  out of  66176     5%  
 Number of 4 input LUTs:              9341  out of  66176    14%  
 Number of bonded IOBs:                101  out of    964    10%  
 Number of BRAMs:                      146  out of    328    44%  
 Number of MULT18X18s:                   9  out of    328     2%  
 Number of GCLKs:                        2  out of     16    12%  
 Number of DCMs:                         1  out of      8    12%  


=========================================================================
TIMING REPORT

NOTE: THESE TIMING NUMBERS ARE ONLY A SYNTHESIS ESTIMATE.
      FOR ACCURATE TIMING INFORMATION PLEASE REFER TO THE TRACE REPORT
      GENERATED AFTER PLACE-and-ROUTE.

Clock Information:
------------------
-----------------------------------+------------------------+-------+
Clock Signal                       | Clock buffer(FF name)  | Load  |
-----------------------------------+------------------------+-------+
CK133                              | dcm0_dcm0:CLK0         | 282   |
CK133                              | dcm0_dcm0:CLKFX        | 3659  |
-----------------------------------+------------------------+-------+

Timing Summary:
---------------
Speed Grade: -5

   Minimum period: 38.450ns (Maximum Frequency: 26.008MHz)
   Minimum input arrival time before clock: 4.225ns
   Maximum output required time after clock: 4.527ns
   Maximum combinational path delay: 4.567ns

Timing Detail:
--------------
All values displayed in nanoseconds (ns)

-------------------------------------------------------------------------
Timing constraint: Default period analysis for Clock 'CK133'
Delay:               15.380ns (Levels of Logic = 30)
  Source:            unit1_upipe1_u2_u0_z_1 (FF)
  Destination:       unit1_upipe1_u5_logdata_12 (FF)
  Source Clock:      CK133 rising 2.5X
  Destination Clock: CK133 rising 2.5X

  Data Path: unit1_upipe1_u2_u0_z_1 to unit1_upipe1_u5_logdata_12
                                Gate     Net
    Cell:in->out      fanout   Delay   Delay  Logical Name (Net Name)
    ----------------------------------------  ------------
     FD:C->Q               3   0.419   0.637  unit1_upipe1_u2_u0_z_1 (unit1_upipe1_u2_u0_z_1)
     LUT1_L:I0->LO         1   0.351   0.000  unit1_upipe1_u5_d1<1>1 (unit1_upipe1_u5_d1<1>)
     MUXCY:S->O            1   0.422   0.000  unit1_upipe1_u5_u1_Madd_result_inst_cy_52 (unit1_upipe1_u5_u1_Madd_result_inst_cy_52)
     MUXCY:CI->O           1   0.044   0.000  unit1_upipe1_u5_u1_Madd_result_inst_cy_53 (unit1_upipe1_u5_u1_Madd_result_inst_cy_53)
     MUXCY:CI->O           1   0.044   0.000  unit1_upipe1_u5_u1_Madd_result_inst_cy_54 (unit1_upipe1_u5_u1_Madd_result_inst_cy_54)
     MUXCY:CI->O           1   0.044   0.000  unit1_upipe1_u5_u1_Madd_result_inst_cy_55 (unit1_upipe1_u5_u1_Madd_result_inst_cy_55)
     MUXCY:CI->O           1   0.044   0.000  unit1_upipe1_u5_u1_Madd_result_inst_cy_56 (unit1_upipe1_u5_u1_Madd_result_inst_cy_56)
     MUXCY:CI->O           1   0.044   0.000  unit1_upipe1_u5_u1_Madd_result_inst_cy_57 (unit1_upipe1_u5_u1_Madd_result_inst_cy_57)
     MUXCY:CI->O           1   0.044   0.000  unit1_upipe1_u5_u1_Madd_result_inst_cy_58 (unit1_upipe1_u5_u1_Madd_result_inst_cy_58)
     MUXCY:CI->O           1   0.044   0.000  unit1_upipe1_u5_u1_Madd_result_inst_cy_59 (unit1_upipe1_u5_u1_Madd_result_inst_cy_59)
     MUXCY:CI->O           1   0.044   0.000  unit1_upipe1_u5_u1_Madd_result_inst_cy_60 (unit1_upipe1_u5_u1_Madd_result_inst_cy_60)
     MUXCY:CI->O           1   0.044   0.000  unit1_upipe1_u5_u1_Madd_result_inst_cy_61 (unit1_upipe1_u5_u1_Madd_result_inst_cy_61)
     XORCY:CI->O           4   0.973   0.650  unit1_upipe1_u5_u1_Madd_result_inst_sum_61 (unit1_upipe1_u5_d2<11>)
     LUT3:I2->O           13   0.351   0.858  unit1_upipe1_u5_Mmux_d3_Result<11>1 (unit1_upipe1_u5_d3<11>)
     LUT2_L:I1->LO         1   0.351   0.100  unit1_upipe1_u5_u2_c<0>95_SW1_SW0 (N191869)
     LUT4:I3->O            1   0.351   0.468  unit1_upipe1_u5_u2_c<0>95_SW1 (N188998)
     LUT4_L:I2->LO         1   0.351   0.100  unit1_upipe1_u5_u2_c<0>145 (CHOICE4671)
     LUT4:I0->O            7   0.351   0.702  unit1_upipe1_u5_u2_c<0>247 (CHOICE4680)
     LUT4:I0->O           19   0.351   0.949  unit1_upipe1_u5_u2_c<0>401_2 (unit1_upipe1_u5_u2_c<0>401_2)
     LUT3_L:I0->LO         1   0.351   0.000  unit1_upipe1_u5_u3_Mmux_c1xxxx_inst_mux_f5_631 (N187175)
     MUXF5:I0->O           1   0.380   0.000  unit1_upipe1_u5_u3_Mmux_c1xxxx_inst_mux_f5_63 (unit1_upipe1_u5_u3_Mmux_c1xxxx__net282)
     MUXF6:I1->O           1   0.357   0.000  unit1_upipe1_u5_u3_Mmux_c1xxxx_inst_mux_f6_15 (unit1_upipe1_u5_u3_Mmux_c1xxxx__net283)
     MUXF7:I1->O           2   0.357   0.624  unit1_upipe1_u5_u3_Mmux_c1xxxx_inst_mux_f7_7 (unit1_upipe1_u5_u3_c1xxxx<7>)
     LUT4:I2->O            1   0.351   0.468  unit1_upipe1_u5_add<0>10_SW0 (N189170)
     LUT4:I3->O            2   0.351   0.624  unit1_upipe1_u5_add<0>10 (CHOICE4576)
     LUT3:I2->O            0   0.351   0.000  unit1_upipe1_u5_add<0>17 (unit1_upipe1_u5_add<0>)
     MUXCY:DI->O           1   0.667   0.000  unit1_upipe1_u5_u5_Madd_result_inst_cy_82 (unit1_upipe1_u5_u5_Madd_result_inst_cy_82)
     MUXCY:CI->O           1   0.044   0.000  unit1_upipe1_u5_u5_Madd_result_inst_cy_83 (unit1_upipe1_u5_u5_Madd_result_inst_cy_83)
     MUXCY:CI->O           1   0.044   0.000  unit1_upipe1_u5_u5_Madd_result_inst_cy_84 (unit1_upipe1_u5_u5_Madd_result_inst_cy_84)
     MUXCY:CI->O           0   0.044   0.000  unit1_upipe1_u5_u5_Madd_result_inst_cy_85 (unit1_upipe1_u5_u5_Madd_result_inst_cy_85)
     XORCY:CI->O           1   0.973   0.000  unit1_upipe1_u5_u5_Madd_result_inst_sum_85 (unit1_upipe1_u5_c4<4>)
     FD:D                      0.263          unit1_upipe1_u5_logdata_12
    ----------------------------------------
    Total                     15.380ns (9.200ns logic, 6.180ns route)
                                       (59.8% logic, 40.2% route)

-------------------------------------------------------------------------
Timing constraint: Default OFFSET IN BEFORE for Clock 'CK133'
Offset:              4.225ns (Levels of Logic = 3)
  Source:            CBUS<0> (PAD)
  Destination:       adr_0 (FF)
  Destination Clock: CK133 rising

  Data Path: CBUS<0> to adr_0
                                Gate     Net
    Cell:in->out      fanout   Delay   Delay  Logical Name (Net Name)
    ----------------------------------------  ------------
     IBUF:I->O             4   0.969   0.650  CBUS_0_IBUF (CBUS_0_IBUF)
     LUT2:I0->O            1   0.351   0.468  _n0019_SW0 (N158395)
     LUT4:I3->O           21   0.351   0.975  _n0019 (_n0019)
     FDE:CE                    0.461          adr_0
    ----------------------------------------
    Total                      4.225ns (2.132ns logic, 2.093ns route)
                                       (50.5% logic, 49.5% route)

-------------------------------------------------------------------------
Timing constraint: Default OFFSET OUT AFTER for Clock 'CK133'
Offset:              4.527ns (Levels of Logic = 1)
  Source:            Mtrien_ODBUS (FF)
  Destination:       ODBUS<31> (PAD)
  Source Clock:      CK133 rising

  Data Path: Mtrien_ODBUS to ODBUS<31>
                                Gate     Net
    Cell:in->out      fanout   Delay   Delay  Logical Name (Net Name)
    ----------------------------------------  ------------
     FDE:C->Q             32   0.419   1.043  Mtrien_ODBUS (Mtrien_ODBUS)
     OBUFT:T->O                3.065          ODBUS_1_OBUFT (ODBUS<1>)
    ----------------------------------------
    Total                      4.527ns (3.484ns logic, 1.043ns route)
                                       (77.0% logic, 23.0% route)

-------------------------------------------------------------------------
Timing constraint: Default path analysis
Delay:               4.567ns (Levels of Logic = 2)
  Source:            RST (PAD)
  Destination:       SD_TP<9> (PAD)

  Data Path: RST to SD_TP<9>
                                Gate     Net
    Cell:in->out      fanout   Delay   Delay  Logical Name (Net Name)
    ----------------------------------------  ------------
     IBUF:I->O             1   0.969   0.468  RST_IBUF (SD_TP_9_OBUF)
     OBUF:I->O                 3.130          SD_TP_9_OBUF (SD_TP<9>)
    ----------------------------------------
    Total                      4.567ns (4.099ns logic, 0.468ns route)
                                       (89.8% logic, 10.2% route)

=========================================================================
CPU : 242.03 / 243.72 s | Elapsed : 242.00 / 243.00 s
 
--> 

Total memory usage is 348156 kilobytes


